--- 2025-10-12 13:08:21.487 [           main] ERROR         org.moqui.impl.webapp.MoquiContextListener [] []
 Error initializing webapp context: java.lang.reflect.InvocationTargetException
java.lang.reflect.InvocationTargetException: null
	at jdk.internal.reflect.DirectConstructorHandleAccessor.newInstance(DirectConstructorHandleAccessor.java:74) ~[?:?]
	at java.lang.reflect.Constructor.newInstanceWithCaller(Constructor.java:502) ~[?:?]
	at java.lang.reflect.Constructor.newInstance(Constructor.java:486) ~[?:?]
	at org.moqui.Moqui.dynamicInit(Moqui.java:62) ~[moqui_temp12656316777740863608WEB-INF_lib_moqui-framework-3.1.0-rc2.jar.:3.1.0-rc2]
	at org.moqui.impl.webapp.MoquiContextListener.contextInitialized(MoquiContextListener.groovy:68) [moqui_temp12656316777740863608WEB-INF_lib_moqui-framework-3.1.0-rc2.jar.:3.1.0-rc2]
	at org.eclipse.jetty.server.handler.ContextHandler.callContextInitialized(ContextHandler.java:1049) [moqui_temp8674768354101296985execlib_jetty-server-10.0.25.jar.:10.0.25]
	at org.eclipse.jetty.servlet.ServletContextHandler.callContextInitialized(ServletContextHandler.java:624) [moqui_temp3002330652948506471execlib_jetty-servlet-10.0.25.jar.:10.0.25]
	at org.eclipse.jetty.server.handler.ContextHandler.contextInitialized(ContextHandler.java:984) [moqui_temp8674768354101296985execlib_jetty-server-10.0.25.jar.:10.0.25]
	at org.eclipse.jetty.servlet.ServletHandler.initialize(ServletHandler.java:740) [moqui_temp3002330652948506471execlib_jetty-servlet-10.0.25.jar.:10.0.25]
	at org.eclipse.jetty.servlet.ServletContextHandler.startContext(ServletContextHandler.java:392) [moqui_temp3002330652948506471execlib_jetty-servlet-10.0.25.jar.:10.0.25]
	at org.eclipse.jetty.webapp.WebAppContext.startContext(WebAppContext.java:1304) [moqui_temp15704656863725993447execlib_jetty-webapp-10.0.25.jar.:10.0.25]
	at org.eclipse.jetty.server.handler.ContextHandler.doStart(ContextHandler.java:901) [moqui_temp8674768354101296985execlib_jetty-server-10.0.25.jar.:10.0.25]
	at org.eclipse.jetty.servlet.ServletContextHandler.doStart(ServletContextHandler.java:306) [moqui_temp3002330652948506471execlib_jetty-servlet-10.0.25.jar.:10.0.25]
	at org.eclipse.jetty.webapp.WebAppContext.doStart(WebAppContext.java:532) [moqui_temp15704656863725993447execlib_jetty-webapp-10.0.25.jar.:10.0.25]
	at org.eclipse.jetty.util.component.AbstractLifeCycle.start(AbstractLifeCycle.java:93) [moqui_temp4785378992908825623WEB-INF_lib_jetty-util-10.0.25.jar.:10.0.25]
	at org.eclipse.jetty.util.component.ContainerLifeCycle.start(ContainerLifeCycle.java:171) [moqui_temp4785378992908825623WEB-INF_lib_jetty-util-10.0.25.jar.:10.0.25]
	at org.eclipse.jetty.util.component.ContainerLifeCycle.doStart(ContainerLifeCycle.java:114) [moqui_temp4785378992908825623WEB-INF_lib_jetty-util-10.0.25.jar.:10.0.25]
	at org.eclipse.jetty.server.handler.AbstractHandler.doStart(AbstractHandler.java:89) [moqui_temp8674768354101296985execlib_jetty-server-10.0.25.jar.:10.0.25]
	at org.eclipse.jetty.server.handler.gzip.GzipHandler.doStart(GzipHandler.java:221) [moqui_temp8674768354101296985execlib_jetty-server-10.0.25.jar.:10.0.25]
	at org.eclipse.jetty.util.component.AbstractLifeCycle.start(AbstractLifeCycle.java:93) [moqui_temp4785378992908825623WEB-INF_lib_jetty-util-10.0.25.jar.:10.0.25]
	at org.eclipse.jetty.util.component.ContainerLifeCycle.start(ContainerLifeCycle.java:171) [moqui_temp4785378992908825623WEB-INF_lib_jetty-util-10.0.25.jar.:10.0.25]
	at org.eclipse.jetty.server.Server.start(Server.java:470) [moqui_temp8674768354101296985execlib_jetty-server-10.0.25.jar.:10.0.25]
	at org.eclipse.jetty.util.component.ContainerLifeCycle.doStart(ContainerLifeCycle.java:114) [moqui_temp4785378992908825623WEB-INF_lib_jetty-util-10.0.25.jar.:10.0.25]
	at org.eclipse.jetty.server.handler.AbstractHandler.doStart(AbstractHandler.java:89) [moqui_temp8674768354101296985execlib_jetty-server-10.0.25.jar.:10.0.25]
	at org.eclipse.jetty.server.Server.doStart(Server.java:415) [moqui_temp8674768354101296985execlib_jetty-server-10.0.25.jar.:10.0.25]
	at org.eclipse.jetty.util.component.AbstractLifeCycle.start(AbstractLifeCycle.java:93) [moqui_temp4785378992908825623WEB-INF_lib_jetty-util-10.0.25.jar.:10.0.25]
	at jdk.internal.reflect.DirectMethodHandleAccessor.invoke(DirectMethodHandleAccessor.java:103) ~[?:?]
	at java.lang.reflect.Method.invoke(Method.java:580) ~[?:?]
	at MoquiStart.main(MoquiStart.java:321) [moqui.war:?]
Caused by: org.moqui.BaseException: Error parsing XML file at E:\moqui-framework\runtime\conf\MoquiDevConf.xml
	at org.moqui.util.MNode.parse(MNode.java:88) ~[moqui_temp12656316777740863608WEB-INF_lib_moqui-framework-3.1.0-rc2.jar.:3.1.0-rc2]
	at org.moqui.impl.context.ExecutionContextFactoryImpl.<init>(ExecutionContextFactoryImpl.groovy:207) ~[moqui_temp12656316777740863608WEB-INF_lib_moqui-framework-3.1.0-rc2.jar.:3.1.0-rc2]
	at jdk.internal.reflect.DirectConstructorHandleAccessor.newInstance(DirectConstructorHandleAccessor.java:62) ~[?:?]
	at org.moqui.Moqui.dynamicInit(Moqui.java:62) ~[moqui_temp12656316777740863608WEB-INF_lib_moqui-framework-3.1.0-rc2.jar.:3.1.0-rc2]
	at org.moqui.impl.webapp.MoquiContextListener.contextInitialized(MoquiContextListener.groovy:68) ~[moqui_temp12656316777740863608WEB-INF_lib_moqui-framework-3.1.0-rc2.jar.:3.1.0-rc2]
	at jdk.internal.reflect.DirectMethodHandleAccessor.invoke(DirectMethodHandleAccessor.java:103) ~[?:?]
	... 1 more
Caused by: org.moqui.BaseException: Error parsing XML from E:\moqui-framework\runtime\conf\MoquiDevConf.xml
	at org.moqui.util.MNode.parse(MNode.java:107) ~[moqui_temp12656316777740863608WEB-INF_lib_moqui-framework-3.1.0-rc2.jar.:3.1.0-rc2]
	at org.moqui.util.MNode.parse(MNode.java:83) ~[moqui_temp12656316777740863608WEB-INF_lib_moqui-framework-3.1.0-rc2.jar.:3.1.0-rc2]
	at org.moqui.impl.context.ExecutionContextFactoryImpl.<init>(ExecutionContextFactoryImpl.groovy:207) ~[moqui_temp12656316777740863608WEB-INF_lib_moqui-framework-3.1.0-rc2.jar.:3.1.0-rc2]
	at jdk.internal.reflect.DirectConstructorHandleAccessor.newInstance(DirectConstructorHandleAccessor.java:62) ~[?:?]
	at org.moqui.Moqui.dynamicInit(Moqui.java:62) ~[moqui_temp12656316777740863608WEB-INF_lib_moqui-framework-3.1.0-rc2.jar.:3.1.0-rc2]
	at org.moqui.impl.webapp.MoquiContextListener.contextInitialized(MoquiContextListener.groovy:68) ~[moqui_temp12656316777740863608WEB-INF_lib_moqui-framework-3.1.0-rc2.jar.:3.1.0-rc2]
	at jdk.internal.reflect.DirectMethodHandleAccessor.invoke(DirectMethodHandleAccessor.java:103) ~[?:?]
	... 1 more
Caused by: org.xml.sax.SAXParseException: Content is not allowed in prolog.
	at com.sun.org.apache.xerces.internal.parsers.AbstractSAXParser.parse(AbstractSAXParser.java:1251) ~[?:?]
	at com.sun.org.apache.xerces.internal.jaxp.SAXParserImpl$JAXPSAXParser.parse(SAXParserImpl.java:637) ~[?:?]
	at org.moqui.util.MNode.parse(MNode.java:104) ~[moqui_temp12656316777740863608WEB-INF_lib_moqui-framework-3.1.0-rc2.jar.:3.1.0-rc2]
	at org.moqui.util.MNode.parse(MNode.java:83) ~[moqui_temp12656316777740863608WEB-INF_lib_moqui-framework-3.1.0-rc2.jar.:3.1.0-rc2]
	at org.moqui.impl.context.ExecutionContextFactoryImpl.<init>(ExecutionContextFactoryImpl.groovy:207) ~[moqui_temp12656316777740863608WEB-INF_lib_moqui-framework-3.1.0-rc2.jar.:3.1.0-rc2]
	at jdk.internal.reflect.DirectConstructorHandleAccessor.newInstance(DirectConstructorHandleAccessor.java:62) ~[?:?]
	... 28 more
--- 2025-10-12 13:13:32.993 [           main] ERROR         org.moqui.impl.webapp.MoquiContextListener [] []
 Error initializing webapp context: java.lang.reflect.InvocationTargetException
java.lang.reflect.InvocationTargetException: null
	at jdk.internal.reflect.DirectConstructorHandleAccessor.newInstance(DirectConstructorHandleAccessor.java:74) ~[?:?]
	at java.lang.reflect.Constructor.newInstanceWithCaller(Constructor.java:502) ~[?:?]
	at java.lang.reflect.Constructor.newInstance(Constructor.java:486) ~[?:?]
	at org.moqui.Moqui.dynamicInit(Moqui.java:62) ~[moqui_temp13506180292484018267WEB-INF_lib_moqui-framework-3.1.0-rc2.jar.:3.1.0-rc2]
	at org.moqui.impl.webapp.MoquiContextListener.contextInitialized(MoquiContextListener.groovy:68) [moqui_temp13506180292484018267WEB-INF_lib_moqui-framework-3.1.0-rc2.jar.:3.1.0-rc2]
	at org.eclipse.jetty.server.handler.ContextHandler.callContextInitialized(ContextHandler.java:1049) [moqui_temp11619068483969658780execlib_jetty-server-10.0.25.jar.:10.0.25]
	at org.eclipse.jetty.servlet.ServletContextHandler.callContextInitialized(ServletContextHandler.java:624) [moqui_temp18058159681724312644execlib_jetty-servlet-10.0.25.jar.:10.0.25]
	at org.eclipse.jetty.server.handler.ContextHandler.contextInitialized(ContextHandler.java:984) [moqui_temp11619068483969658780execlib_jetty-server-10.0.25.jar.:10.0.25]
	at org.eclipse.jetty.servlet.ServletHandler.initialize(ServletHandler.java:740) [moqui_temp18058159681724312644execlib_jetty-servlet-10.0.25.jar.:10.0.25]
	at org.eclipse.jetty.servlet.ServletContextHandler.startContext(ServletContextHandler.java:392) [moqui_temp18058159681724312644execlib_jetty-servlet-10.0.25.jar.:10.0.25]
	at org.eclipse.jetty.webapp.WebAppContext.startContext(WebAppContext.java:1304) [moqui_temp13611104650539540503execlib_jetty-webapp-10.0.25.jar.:10.0.25]
	at org.eclipse.jetty.server.handler.ContextHandler.doStart(ContextHandler.java:901) [moqui_temp11619068483969658780execlib_jetty-server-10.0.25.jar.:10.0.25]
	at org.eclipse.jetty.servlet.ServletContextHandler.doStart(ServletContextHandler.java:306) [moqui_temp18058159681724312644execlib_jetty-servlet-10.0.25.jar.:10.0.25]
	at org.eclipse.jetty.webapp.WebAppContext.doStart(WebAppContext.java:532) [moqui_temp13611104650539540503execlib_jetty-webapp-10.0.25.jar.:10.0.25]
	at org.eclipse.jetty.util.component.AbstractLifeCycle.start(AbstractLifeCycle.java:93) [moqui_temp1386999372722014775WEB-INF_lib_jetty-util-10.0.25.jar.:10.0.25]
	at org.eclipse.jetty.util.component.ContainerLifeCycle.start(ContainerLifeCycle.java:171) [moqui_temp1386999372722014775WEB-INF_lib_jetty-util-10.0.25.jar.:10.0.25]
	at org.eclipse.jetty.util.component.ContainerLifeCycle.doStart(ContainerLifeCycle.java:114) [moqui_temp1386999372722014775WEB-INF_lib_jetty-util-10.0.25.jar.:10.0.25]
	at org.eclipse.jetty.server.handler.AbstractHandler.doStart(AbstractHandler.java:89) [moqui_temp11619068483969658780execlib_jetty-server-10.0.25.jar.:10.0.25]
	at org.eclipse.jetty.server.handler.gzip.GzipHandler.doStart(GzipHandler.java:221) [moqui_temp11619068483969658780execlib_jetty-server-10.0.25.jar.:10.0.25]
	at org.eclipse.jetty.util.component.AbstractLifeCycle.start(AbstractLifeCycle.java:93) [moqui_temp1386999372722014775WEB-INF_lib_jetty-util-10.0.25.jar.:10.0.25]
	at org.eclipse.jetty.util.component.ContainerLifeCycle.start(ContainerLifeCycle.java:171) [moqui_temp1386999372722014775WEB-INF_lib_jetty-util-10.0.25.jar.:10.0.25]
	at org.eclipse.jetty.server.Server.start(Server.java:470) [moqui_temp11619068483969658780execlib_jetty-server-10.0.25.jar.:10.0.25]
	at org.eclipse.jetty.util.component.ContainerLifeCycle.doStart(ContainerLifeCycle.java:114) [moqui_temp1386999372722014775WEB-INF_lib_jetty-util-10.0.25.jar.:10.0.25]
	at org.eclipse.jetty.server.handler.AbstractHandler.doStart(AbstractHandler.java:89) [moqui_temp11619068483969658780execlib_jetty-server-10.0.25.jar.:10.0.25]
	at org.eclipse.jetty.server.Server.doStart(Server.java:415) [moqui_temp11619068483969658780execlib_jetty-server-10.0.25.jar.:10.0.25]
	at org.eclipse.jetty.util.component.AbstractLifeCycle.start(AbstractLifeCycle.java:93) [moqui_temp1386999372722014775WEB-INF_lib_jetty-util-10.0.25.jar.:10.0.25]
	at jdk.internal.reflect.DirectMethodHandleAccessor.invoke(DirectMethodHandleAccessor.java:103) ~[?:?]
	at java.lang.reflect.Method.invoke(Method.java:580) ~[?:?]
	at MoquiStart.main(MoquiStart.java:321) [moqui.war:?]
Caused by: org.moqui.BaseException: Error parsing XML file at E:\moqui-framework\runtime\conf\MoquiDevConf.xml
	at org.moqui.util.MNode.parse(MNode.java:88) ~[moqui_temp13506180292484018267WEB-INF_lib_moqui-framework-3.1.0-rc2.jar.:3.1.0-rc2]
	at org.moqui.impl.context.ExecutionContextFactoryImpl.<init>(ExecutionContextFactoryImpl.groovy:207) ~[moqui_temp13506180292484018267WEB-INF_lib_moqui-framework-3.1.0-rc2.jar.:3.1.0-rc2]
	at jdk.internal.reflect.DirectConstructorHandleAccessor.newInstance(DirectConstructorHandleAccessor.java:62) ~[?:?]
	at org.moqui.Moqui.dynamicInit(Moqui.java:62) ~[moqui_temp13506180292484018267WEB-INF_lib_moqui-framework-3.1.0-rc2.jar.:3.1.0-rc2]
	at org.moqui.impl.webapp.MoquiContextListener.contextInitialized(MoquiContextListener.groovy:68) ~[moqui_temp13506180292484018267WEB-INF_lib_moqui-framework-3.1.0-rc2.jar.:3.1.0-rc2]
	at jdk.internal.reflect.DirectMethodHandleAccessor.invoke(DirectMethodHandleAccessor.java:103) ~[?:?]
	... 1 more
Caused by: org.moqui.BaseException: Error parsing XML from E:\moqui-framework\runtime\conf\MoquiDevConf.xml
	at org.moqui.util.MNode.parse(MNode.java:107) ~[moqui_temp13506180292484018267WEB-INF_lib_moqui-framework-3.1.0-rc2.jar.:3.1.0-rc2]
	at org.moqui.util.MNode.parse(MNode.java:83) ~[moqui_temp13506180292484018267WEB-INF_lib_moqui-framework-3.1.0-rc2.jar.:3.1.0-rc2]
	at org.moqui.impl.context.ExecutionContextFactoryImpl.<init>(ExecutionContextFactoryImpl.groovy:207) ~[moqui_temp13506180292484018267WEB-INF_lib_moqui-framework-3.1.0-rc2.jar.:3.1.0-rc2]
	at jdk.internal.reflect.DirectConstructorHandleAccessor.newInstance(DirectConstructorHandleAccessor.java:62) ~[?:?]
	at org.moqui.Moqui.dynamicInit(Moqui.java:62) ~[moqui_temp13506180292484018267WEB-INF_lib_moqui-framework-3.1.0-rc2.jar.:3.1.0-rc2]
	at org.moqui.impl.webapp.MoquiContextListener.contextInitialized(MoquiContextListener.groovy:68) ~[moqui_temp13506180292484018267WEB-INF_lib_moqui-framework-3.1.0-rc2.jar.:3.1.0-rc2]
	at jdk.internal.reflect.DirectMethodHandleAccessor.invoke(DirectMethodHandleAccessor.java:103) ~[?:?]
	... 1 more
Caused by: org.xml.sax.SAXParseException: Content is not allowed in prolog.
	at com.sun.org.apache.xerces.internal.parsers.AbstractSAXParser.parse(AbstractSAXParser.java:1251) ~[?:?]
	at com.sun.org.apache.xerces.internal.jaxp.SAXParserImpl$JAXPSAXParser.parse(SAXParserImpl.java:637) ~[?:?]
	at org.moqui.util.MNode.parse(MNode.java:104) ~[moqui_temp13506180292484018267WEB-INF_lib_moqui-framework-3.1.0-rc2.jar.:3.1.0-rc2]
	at org.moqui.util.MNode.parse(MNode.java:83) ~[moqui_temp13506180292484018267WEB-INF_lib_moqui-framework-3.1.0-rc2.jar.:3.1.0-rc2]
	at org.moqui.impl.context.ExecutionContextFactoryImpl.<init>(ExecutionContextFactoryImpl.groovy:207) ~[moqui_temp13506180292484018267WEB-INF_lib_moqui-framework-3.1.0-rc2.jar.:3.1.0-rc2]
	at jdk.internal.reflect.DirectConstructorHandleAccessor.newInstance(DirectConstructorHandleAccessor.java:62) ~[?:?]
	... 28 more
--- 2025-10-12 13:17:48.644 [           main] ERROR                 org.moqui.impl.entity.EntityDbMeta [] []
 SQL Exception while executing the following SQL [CREATE INDEX IDXMcpDialogSessionParty ON MCP_DIALOG_SESSION (MERCHANT_ID)]: org.h2.jdbc.JdbcSQLSyntaxErrorException: Index "IDXMCPDIALOGSESSIONPARTY" already exists; SQL statement:
CREATE INDEX IDXMcpDialogSessionParty ON MCP_DIALOG_SESSION (MERCHANT_ID) [42111-232]
--- 2025-10-12 13:17:48.654 [           main] ERROR                 org.moqui.impl.entity.EntityDbMeta [] []
 SQL Exception while executing the following SQL [ALTER TABLE MCP_DIALOG_SESSION ADD CONSTRAINT McpDialogSessionParty FOREIGN KEY (MERCHANT_ID) REFERENCES PARTY (PARTY_ID)]: org.h2.jdbc.JdbcSQLSyntaxErrorException: Constraint "MCPDIALOGSESSIONPARTY" already exists; SQL statement:
ALTER TABLE MCP_DIALOG_SESSION ADD CONSTRAINT McpDialogSessionParty FOREIGN KEY (MERCHANT_ID) REFERENCES PARTY (PARTY_ID) [90045-232]
--- 2025-10-12 13:17:48.729 [           main] ERROR                 org.moqui.impl.entity.EntityDbMeta [] []
 SQL Exception while executing the following SQL [ALTER TABLE MCP_DIALOG_SESSION ADD CONSTRAINT McpDialogSessionParty FOREIGN KEY (MERCHANT_ID) REFERENCES PARTY (PARTY_ID)]: org.h2.jdbc.JdbcSQLSyntaxErrorException: Constraint "MCPDIALOGSESSIONPARTY" already exists; SQL statement:
ALTER TABLE MCP_DIALOG_SESSION ADD CONSTRAINT McpDialogSessionParty FOREIGN KEY (MERCHANT_ID) REFERENCES PARTY (PARTY_ID) [90045-232]
--- 2025-10-12 14:52:30.258 [ qtp44559647-28] ERROR                 org.moqui.impl.webapp.MoquiServlet [] []
 Internal error processing request: org.moqui.BaseException: Error parsing XML from component://webroot/screen/webroot/Login.xml
org.moqui.BaseException: Error parsing XML from component://webroot/screen/webroot/Login.xml
	at org.moqui.util.MNode.parse(MNode.java:107) ~[moqui_temp1943922979242364749WEB-INF_lib_moqui-framework-3.1.0-rc2.jar.:3.1.0-rc2]
	at org.moqui.util.MNode.parse(MNode.java:67) ~[moqui_temp1943922979242364749WEB-INF_lib_moqui-framework-3.1.0-rc2.jar.:3.1.0-rc2]
	at org.moqui.util.MNode.parse(MNode.java:58) ~[moqui_temp1943922979242364749WEB-INF_lib_moqui-framework-3.1.0-rc2.jar.:3.1.0-rc2]
	at org.moqui.impl.screen.ScreenDefinition.populateSubscreens(ScreenDefinition.groovy:407) ~[moqui_temp1943922979242364749WEB-INF_lib_moqui-framework-3.1.0-rc2.jar.:3.1.0-rc2]
	at org.moqui.impl.screen.ScreenDefinition.<init>(ScreenDefinition.groovy:249) ~[moqui_temp1943922979242364749WEB-INF_lib_moqui-framework-3.1.0-rc2.jar.:3.1.0-rc2]
	at org.moqui.impl.screen.ScreenFacadeImpl.makeScreenDefinition(ScreenFacadeImpl.groovy:203) ~[moqui_temp1943922979242364749WEB-INF_lib_moqui-framework-3.1.0-rc2.jar.:3.1.0-rc2]
	at org.moqui.impl.screen.ScreenFacadeImpl.getScreenDefinition(ScreenFacadeImpl.groovy:157) ~[moqui_temp1943922979242364749WEB-INF_lib_moqui-framework-3.1.0-rc2.jar.:3.1.0-rc2]
	at org.moqui.impl.screen.ScreenRenderImpl.internalRender(ScreenRenderImpl.groovy:285) ~[moqui_temp1943922979242364749WEB-INF_lib_moqui-framework-3.1.0-rc2.jar.:3.1.0-rc2]
	at org.moqui.impl.screen.ScreenRenderImpl.render(ScreenRenderImpl.groovy:170) ~[moqui_temp1943922979242364749WEB-INF_lib_moqui-framework-3.1.0-rc2.jar.:3.1.0-rc2]
	at org.moqui.impl.webapp.MoquiServlet.service(MoquiServlet.groovy:118) ~[moqui_temp1943922979242364749WEB-INF_lib_moqui-framework-3.1.0-rc2.jar.:3.1.0-rc2]
	at javax.servlet.http.HttpServlet.service(HttpServlet.java:750) ~[moqui_temp14540000280613286465WEB-INF_lib_javax.servlet-api-4.0.1.jar.:4.0.1]
	at org.moqui.impl.webapp.ElasticRequestLogFilter.doFilter(ElasticRequestLogFilter.groovy:97) ~[moqui_temp1943922979242364749WEB-INF_lib_moqui-framework-3.1.0-rc2.jar.:3.1.0-rc2]
	at java.lang.Thread.run(Thread.java:1583) [?:?]
Caused by: org.xml.sax.SAXParseException: Content is not allowed in prolog.
	at org.apache.xerces.parsers.AbstractSAXParser.parse(Unknown Source) ~[xercesImpl-2.12.2.jar:?]
	at org.apache.xerces.jaxp.SAXParserImpl$JAXPSAXParser.parse(Unknown Source) ~[xercesImpl-2.12.2.jar:?]
	at org.moqui.util.MNode.parse(MNode.java:104) ~[moqui_temp1943922979242364749WEB-INF_lib_moqui-framework-3.1.0-rc2.jar.:3.1.0-rc2]
	at org.moqui.util.MNode.parse(MNode.java:67) ~[moqui_temp1943922979242364749WEB-INF_lib_moqui-framework-3.1.0-rc2.jar.:3.1.0-rc2]
	at org.moqui.util.MNode.parse(MNode.java:58) ~[moqui_temp1943922979242364749WEB-INF_lib_moqui-framework-3.1.0-rc2.jar.:3.1.0-rc2]
	at org.moqui.impl.screen.ScreenDefinition.populateSubscreens(ScreenDefinition.groovy:407) ~[moqui_temp1943922979242364749WEB-INF_lib_moqui-framework-3.1.0-rc2.jar.:3.1.0-rc2]
	at org.moqui.impl.screen.ScreenDefinition.<init>(ScreenDefinition.groovy:249) ~[moqui_temp1943922979242364749WEB-INF_lib_moqui-framework-3.1.0-rc2.jar.:3.1.0-rc2]
	at org.moqui.impl.screen.ScreenFacadeImpl.makeScreenDefinition(ScreenFacadeImpl.groovy:203) ~[moqui_temp1943922979242364749WEB-INF_lib_moqui-framework-3.1.0-rc2.jar.:3.1.0-rc2]
	at org.moqui.impl.screen.ScreenFacadeImpl.getScreenDefinition(ScreenFacadeImpl.groovy:157) ~[moqui_temp1943922979242364749WEB-INF_lib_moqui-framework-3.1.0-rc2.jar.:3.1.0-rc2]
	at org.moqui.impl.screen.ScreenRenderImpl.internalRender(ScreenRenderImpl.groovy:285) ~[moqui_temp1943922979242364749WEB-INF_lib_moqui-framework-3.1.0-rc2.jar.:3.1.0-rc2]
	at org.moqui.impl.screen.ScreenRenderImpl.render(ScreenRenderImpl.groovy:170) ~[moqui_temp1943922979242364749WEB-INF_lib_moqui-framework-3.1.0-rc2.jar.:3.1.0-rc2]
	at org.moqui.impl.webapp.MoquiServlet.service(MoquiServlet.groovy:118) ~[moqui_temp1943922979242364749WEB-INF_lib_moqui-framework-3.1.0-rc2.jar.:3.1.0-rc2]
	at javax.servlet.http.HttpServlet.service(HttpServlet.java:750) ~[moqui_temp14540000280613286465WEB-INF_lib_javax.servlet-api-4.0.1.jar.:4.0.1]
	at org.eclipse.jetty.servlet.ServletHolder$NotAsync.service(ServletHolder.java:1410) ~[moqui_temp14595105289734570836execlib_jetty-servlet-10.0.25.jar.:10.0.25]
	at org.eclipse.jetty.servlet.ServletHolder.handle(ServletHolder.java:764) ~[moqui_temp14595105289734570836execlib_jetty-servlet-10.0.25.jar.:10.0.25]
	at org.eclipse.jetty.servlet.ServletHandler$ChainEnd.doFilter(ServletHandler.java:1665) ~[moqui_temp14595105289734570836execlib_jetty-servlet-10.0.25.jar.:10.0.25]
	at org.eclipse.jetty.websocket.servlet.WebSocketUpgradeFilter.doFilter(WebSocketUpgradeFilter.java:170) ~[moqui_temp12398727872867473801execlib_websocket-servlet-10.0.25.jar.:10.0.25]
	at org.eclipse.jetty.servlet.FilterHolder.doFilter(FilterHolder.java:202) ~[moqui_temp14595105289734570836execlib_jetty-servlet-10.0.25.jar.:10.0.25]
	at org.eclipse.jetty.servlet.ServletHandler$Chain.doFilter(ServletHandler.java:1635) ~[moqui_temp14595105289734570836execlib_jetty-servlet-10.0.25.jar.:10.0.25]
	at org.moqui.impl.webapp.ElasticRequestLogFilter.doFilter(ElasticRequestLogFilter.groovy:97) ~[moqui_temp1943922979242364749WEB-INF_lib_moqui-framework-3.1.0-rc2.jar.:3.1.0-rc2]
	at org.eclipse.jetty.servlet.FilterHolder.doFilter(FilterHolder.java:202) ~[moqui_temp14595105289734570836execlib_jetty-servlet-10.0.25.jar.:10.0.25]
	at org.eclipse.jetty.servlet.ServletHandler$Chain.doFilter(ServletHandler.java:1635) ~[moqui_temp14595105289734570836execlib_jetty-servlet-10.0.25.jar.:10.0.25]
	at org.eclipse.jetty.servlet.ServletHandler.doHandle(ServletHandler.java:527) ~[moqui_temp14595105289734570836execlib_jetty-servlet-10.0.25.jar.:10.0.25]
	at org.eclipse.jetty.server.handler.ScopedHandler.handle(ScopedHandler.java:131) ~[moqui_temp6889676227775843172execlib_jetty-server-10.0.25.jar.:10.0.25]
	at org.eclipse.jetty.security.SecurityHandler.handle(SecurityHandler.java:598) ~[moqui_temp673714013103359011execlib_jetty-security-10.0.25.jar.:10.0.25]
	at org.eclipse.jetty.server.handler.HandlerWrapper.handle(HandlerWrapper.java:122) ~[moqui_temp6889676227775843172execlib_jetty-server-10.0.25.jar.:10.0.25]
	at org.eclipse.jetty.server.handler.ScopedHandler.nextHandle(ScopedHandler.java:223) ~[moqui_temp6889676227775843172execlib_jetty-server-10.0.25.jar.:10.0.25]
	at org.eclipse.jetty.server.session.SessionHandler.doHandle(SessionHandler.java:1580) ~[moqui_temp6889676227775843172execlib_jetty-server-10.0.25.jar.:10.0.25]
	at org.eclipse.jetty.server.handler.ScopedHandler.nextHandle(ScopedHandler.java:221) ~[moqui_temp6889676227775843172execlib_jetty-server-10.0.25.jar.:10.0.25]
	at org.eclipse.jetty.server.handler.ContextHandler.doHandle(ContextHandler.java:1384) ~[moqui_temp6889676227775843172execlib_jetty-server-10.0.25.jar.:10.0.25]
	at org.eclipse.jetty.server.handler.ScopedHandler.nextScope(ScopedHandler.java:176) ~[moqui_temp6889676227775843172execlib_jetty-server-10.0.25.jar.:10.0.25]
	at org.eclipse.jetty.servlet.ServletHandler.doScope(ServletHandler.java:484) ~[moqui_temp14595105289734570836execlib_jetty-servlet-10.0.25.jar.:10.0.25]
	at org.eclipse.jetty.server.session.SessionHandler.doScope(SessionHandler.java:1553) ~[moqui_temp6889676227775843172execlib_jetty-server-10.0.25.jar.:10.0.25]
	at org.eclipse.jetty.server.handler.ScopedHandler.nextScope(ScopedHandler.java:174) ~[moqui_temp6889676227775843172execlib_jetty-server-10.0.25.jar.:10.0.25]
	at org.eclipse.jetty.server.handler.ContextHandler.doScope(ContextHandler.java:1306) ~[moqui_temp6889676227775843172execlib_jetty-server-10.0.25.jar.:10.0.25]
	at org.eclipse.jetty.server.handler.ScopedHandler.handle(ScopedHandler.java:129) ~[moqui_temp6889676227775843172execlib_jetty-server-10.0.25.jar.:10.0.25]
	at org.eclipse.jetty.server.handler.HandlerWrapper.handle(HandlerWrapper.java:122) ~[moqui_temp6889676227775843172execlib_jetty-server-10.0.25.jar.:10.0.25]
	at org.eclipse.jetty.server.handler.gzip.GzipHandler.handle(GzipHandler.java:822) ~[moqui_temp6889676227775843172execlib_jetty-server-10.0.25.jar.:10.0.25]
	at org.eclipse.jetty.server.handler.HandlerWrapper.handle(HandlerWrapper.java:122) ~[moqui_temp6889676227775843172execlib_jetty-server-10.0.25.jar.:10.0.25]
	at org.eclipse.jetty.server.Server.handle(Server.java:563) ~[moqui_temp6889676227775843172execlib_jetty-server-10.0.25.jar.:10.0.25]
	at org.eclipse.jetty.server.HttpChannel$RequestDispatchable.dispatch(HttpChannel.java:1598) ~[moqui_temp6889676227775843172execlib_jetty-server-10.0.25.jar.:10.0.25]
	at org.eclipse.jetty.server.HttpChannel.dispatch(HttpChannel.java:753) ~[moqui_temp6889676227775843172execlib_jetty-server-10.0.25.jar.:10.0.25]
	at org.eclipse.jetty.server.HttpChannel.handle(HttpChannel.java:501) ~[moqui_temp6889676227775843172execlib_jetty-server-10.0.25.jar.:10.0.25]
	at org.eclipse.jetty.server.HttpConnection.onFillable(HttpConnection.java:287) ~[moqui_temp6889676227775843172execlib_jetty-server-10.0.25.jar.:10.0.25]
	at org.eclipse.jetty.io.AbstractConnection$ReadCallback.succeeded(AbstractConnection.java:314) ~[moqui_temp14383668328334921102WEB-INF_lib_jetty-io-10.0.25.jar.:10.0.25]
	at org.eclipse.jetty.io.FillInterest.fillable(FillInterest.java:100) ~[moqui_temp14383668328334921102WEB-INF_lib_jetty-io-10.0.25.jar.:10.0.25]
	at org.eclipse.jetty.io.SelectableChannelEndPoint$1.run(SelectableChannelEndPoint.java:53) ~[moqui_temp14383668328334921102WEB-INF_lib_jetty-io-10.0.25.jar.:10.0.25]
	at org.eclipse.jetty.util.thread.QueuedThreadPool.runJob(QueuedThreadPool.java:969) ~[moqui_temp17830411262910823034WEB-INF_lib_jetty-util-10.0.25.jar.:10.0.25]
	at org.eclipse.jetty.util.thread.QueuedThreadPool$Runner.doRunJob(QueuedThreadPool.java:1194) ~[moqui_temp17830411262910823034WEB-INF_lib_jetty-util-10.0.25.jar.:10.0.25]
	at org.eclipse.jetty.util.thread.QueuedThreadPool$Runner.run(QueuedThreadPool.java:1149) ~[moqui_temp17830411262910823034WEB-INF_lib_jetty-util-10.0.25.jar.:10.0.25]
	... 1 more
--- 2025-10-12 14:52:30.769 [ qtp44559647-28] ERROR                 org.moqui.impl.webapp.MoquiServlet [] []
 Error rendering internal-error error screen, sending code 500 with message: Error parsing XML from component://webroot/screen/webroot/Login.xml Content is not allowed in prolog.
org.moqui.BaseException: Error parsing XML from component://webroot/screen/webroot/Login.xml
	at org.moqui.util.MNode.parse(MNode.java:107) ~[moqui_temp1943922979242364749WEB-INF_lib_moqui-framework-3.1.0-rc2.jar.:3.1.0-rc2]
	at org.moqui.util.MNode.parse(MNode.java:67) ~[moqui_temp1943922979242364749WEB-INF_lib_moqui-framework-3.1.0-rc2.jar.:3.1.0-rc2]
	at org.moqui.util.MNode.parse(MNode.java:58) ~[moqui_temp1943922979242364749WEB-INF_lib_moqui-framework-3.1.0-rc2.jar.:3.1.0-rc2]
	at org.moqui.impl.screen.ScreenDefinition.populateSubscreens(ScreenDefinition.groovy:407) ~[moqui_temp1943922979242364749WEB-INF_lib_moqui-framework-3.1.0-rc2.jar.:3.1.0-rc2]
	at org.moqui.impl.screen.ScreenDefinition.<init>(ScreenDefinition.groovy:249) ~[moqui_temp1943922979242364749WEB-INF_lib_moqui-framework-3.1.0-rc2.jar.:3.1.0-rc2]
	at org.moqui.impl.screen.ScreenFacadeImpl.makeScreenDefinition(ScreenFacadeImpl.groovy:203) ~[moqui_temp1943922979242364749WEB-INF_lib_moqui-framework-3.1.0-rc2.jar.:3.1.0-rc2]
	at org.moqui.impl.screen.ScreenFacadeImpl.getScreenDefinition(ScreenFacadeImpl.groovy:157) ~[moqui_temp1943922979242364749WEB-INF_lib_moqui-framework-3.1.0-rc2.jar.:3.1.0-rc2]
	at org.moqui.impl.screen.ScreenRenderImpl.internalRender(ScreenRenderImpl.groovy:285) ~[moqui_temp1943922979242364749WEB-INF_lib_moqui-framework-3.1.0-rc2.jar.:3.1.0-rc2]
	at org.moqui.impl.screen.ScreenRenderImpl.render(ScreenRenderImpl.groovy:170) ~[moqui_temp1943922979242364749WEB-INF_lib_moqui-framework-3.1.0-rc2.jar.:3.1.0-rc2]
	at org.moqui.impl.webapp.MoquiServlet.sendErrorResponse(MoquiServlet.groovy:293) ~[moqui_temp1943922979242364749WEB-INF_lib_moqui-framework-3.1.0-rc2.jar.:3.1.0-rc2]
	at org.moqui.impl.webapp.MoquiServlet.service(MoquiServlet.groovy:156) ~[moqui_temp1943922979242364749WEB-INF_lib_moqui-framework-3.1.0-rc2.jar.:3.1.0-rc2]
	at javax.servlet.http.HttpServlet.service(HttpServlet.java:750) ~[moqui_temp14540000280613286465WEB-INF_lib_javax.servlet-api-4.0.1.jar.:4.0.1]
	at org.moqui.impl.webapp.ElasticRequestLogFilter.doFilter(ElasticRequestLogFilter.groovy:97) ~[moqui_temp1943922979242364749WEB-INF_lib_moqui-framework-3.1.0-rc2.jar.:3.1.0-rc2]
	at java.lang.Thread.run(Thread.java:1583) [?:?]
Caused by: org.xml.sax.SAXParseException: Content is not allowed in prolog.
	at org.apache.xerces.parsers.AbstractSAXParser.parse(Unknown Source) ~[xercesImpl-2.12.2.jar:?]
	at org.apache.xerces.jaxp.SAXParserImpl$JAXPSAXParser.parse(Unknown Source) ~[xercesImpl-2.12.2.jar:?]
	at org.moqui.util.MNode.parse(MNode.java:104) ~[moqui_temp1943922979242364749WEB-INF_lib_moqui-framework-3.1.0-rc2.jar.:3.1.0-rc2]
	at org.moqui.util.MNode.parse(MNode.java:67) ~[moqui_temp1943922979242364749WEB-INF_lib_moqui-framework-3.1.0-rc2.jar.:3.1.0-rc2]
	at org.moqui.util.MNode.parse(MNode.java:58) ~[moqui_temp1943922979242364749WEB-INF_lib_moqui-framework-3.1.0-rc2.jar.:3.1.0-rc2]
	at org.moqui.impl.screen.ScreenDefinition.populateSubscreens(ScreenDefinition.groovy:407) ~[moqui_temp1943922979242364749WEB-INF_lib_moqui-framework-3.1.0-rc2.jar.:3.1.0-rc2]
	at org.moqui.impl.screen.ScreenDefinition.<init>(ScreenDefinition.groovy:249) ~[moqui_temp1943922979242364749WEB-INF_lib_moqui-framework-3.1.0-rc2.jar.:3.1.0-rc2]
	at org.moqui.impl.screen.ScreenFacadeImpl.makeScreenDefinition(ScreenFacadeImpl.groovy:203) ~[moqui_temp1943922979242364749WEB-INF_lib_moqui-framework-3.1.0-rc2.jar.:3.1.0-rc2]
	at org.moqui.impl.screen.ScreenFacadeImpl.getScreenDefinition(ScreenFacadeImpl.groovy:157) ~[moqui_temp1943922979242364749WEB-INF_lib_moqui-framework-3.1.0-rc2.jar.:3.1.0-rc2]
	at org.moqui.impl.screen.ScreenRenderImpl.internalRender(ScreenRenderImpl.groovy:285) ~[moqui_temp1943922979242364749WEB-INF_lib_moqui-framework-3.1.0-rc2.jar.:3.1.0-rc2]
	at org.moqui.impl.screen.ScreenRenderImpl.render(ScreenRenderImpl.groovy:170) ~[moqui_temp1943922979242364749WEB-INF_lib_moqui-framework-3.1.0-rc2.jar.:3.1.0-rc2]
	at org.moqui.impl.webapp.MoquiServlet.sendErrorResponse(MoquiServlet.groovy:293) ~[moqui_temp1943922979242364749WEB-INF_lib_moqui-framework-3.1.0-rc2.jar.:3.1.0-rc2]
	at org.moqui.impl.webapp.MoquiServlet.service(MoquiServlet.groovy:156) ~[moqui_temp1943922979242364749WEB-INF_lib_moqui-framework-3.1.0-rc2.jar.:3.1.0-rc2]
	at javax.servlet.http.HttpServlet.service(HttpServlet.java:750) ~[moqui_temp14540000280613286465WEB-INF_lib_javax.servlet-api-4.0.1.jar.:4.0.1]
	at org.eclipse.jetty.servlet.ServletHolder$NotAsync.service(ServletHolder.java:1410) ~[moqui_temp14595105289734570836execlib_jetty-servlet-10.0.25.jar.:10.0.25]
	at org.eclipse.jetty.servlet.ServletHolder.handle(ServletHolder.java:764) ~[moqui_temp14595105289734570836execlib_jetty-servlet-10.0.25.jar.:10.0.25]
	at org.eclipse.jetty.servlet.ServletHandler$ChainEnd.doFilter(ServletHandler.java:1665) ~[moqui_temp14595105289734570836execlib_jetty-servlet-10.0.25.jar.:10.0.25]
	at org.eclipse.jetty.websocket.servlet.WebSocketUpgradeFilter.doFilter(WebSocketUpgradeFilter.java:170) ~[moqui_temp12398727872867473801execlib_websocket-servlet-10.0.25.jar.:10.0.25]
	at org.eclipse.jetty.servlet.FilterHolder.doFilter(FilterHolder.java:202) ~[moqui_temp14595105289734570836execlib_jetty-servlet-10.0.25.jar.:10.0.25]
	at org.eclipse.jetty.servlet.ServletHandler$Chain.doFilter(ServletHandler.java:1635) ~[moqui_temp14595105289734570836execlib_jetty-servlet-10.0.25.jar.:10.0.25]
	at org.moqui.impl.webapp.ElasticRequestLogFilter.doFilter(ElasticRequestLogFilter.groovy:97) ~[moqui_temp1943922979242364749WEB-INF_lib_moqui-framework-3.1.0-rc2.jar.:3.1.0-rc2]
	at org.eclipse.jetty.servlet.FilterHolder.doFilter(FilterHolder.java:202) ~[moqui_temp14595105289734570836execlib_jetty-servlet-10.0.25.jar.:10.0.25]
	at org.eclipse.jetty.servlet.ServletHandler$Chain.doFilter(ServletHandler.java:1635) ~[moqui_temp14595105289734570836execlib_jetty-servlet-10.0.25.jar.:10.0.25]
	at org.eclipse.jetty.servlet.ServletHandler.doHandle(ServletHandler.java:527) ~[moqui_temp14595105289734570836execlib_jetty-servlet-10.0.25.jar.:10.0.25]
	at org.eclipse.jetty.server.handler.ScopedHandler.handle(ScopedHandler.java:131) ~[moqui_temp6889676227775843172execlib_jetty-server-10.0.25.jar.:10.0.25]
	at org.eclipse.jetty.security.SecurityHandler.handle(SecurityHandler.java:598) ~[moqui_temp673714013103359011execlib_jetty-security-10.0.25.jar.:10.0.25]
	at org.eclipse.jetty.server.handler.HandlerWrapper.handle(HandlerWrapper.java:122) ~[moqui_temp6889676227775843172execlib_jetty-server-10.0.25.jar.:10.0.25]
	at org.eclipse.jetty.server.handler.ScopedHandler.nextHandle(ScopedHandler.java:223) ~[moqui_temp6889676227775843172execlib_jetty-server-10.0.25.jar.:10.0.25]
	at org.eclipse.jetty.server.session.SessionHandler.doHandle(SessionHandler.java:1580) ~[moqui_temp6889676227775843172execlib_jetty-server-10.0.25.jar.:10.0.25]
	at org.eclipse.jetty.server.handler.ScopedHandler.nextHandle(ScopedHandler.java:221) ~[moqui_temp6889676227775843172execlib_jetty-server-10.0.25.jar.:10.0.25]
	at org.eclipse.jetty.server.handler.ContextHandler.doHandle(ContextHandler.java:1384) ~[moqui_temp6889676227775843172execlib_jetty-server-10.0.25.jar.:10.0.25]
	at org.eclipse.jetty.server.handler.ScopedHandler.nextScope(ScopedHandler.java:176) ~[moqui_temp6889676227775843172execlib_jetty-server-10.0.25.jar.:10.0.25]
	at org.eclipse.jetty.servlet.ServletHandler.doScope(ServletHandler.java:484) ~[moqui_temp14595105289734570836execlib_jetty-servlet-10.0.25.jar.:10.0.25]
	at org.eclipse.jetty.server.session.SessionHandler.doScope(SessionHandler.java:1553) ~[moqui_temp6889676227775843172execlib_jetty-server-10.0.25.jar.:10.0.25]
	at org.eclipse.jetty.server.handler.ScopedHandler.nextScope(ScopedHandler.java:174) ~[moqui_temp6889676227775843172execlib_jetty-server-10.0.25.jar.:10.0.25]
	at org.eclipse.jetty.server.handler.ContextHandler.doScope(ContextHandler.java:1306) ~[moqui_temp6889676227775843172execlib_jetty-server-10.0.25.jar.:10.0.25]
	at org.eclipse.jetty.server.handler.ScopedHandler.handle(ScopedHandler.java:129) ~[moqui_temp6889676227775843172execlib_jetty-server-10.0.25.jar.:10.0.25]
	at org.eclipse.jetty.server.handler.HandlerWrapper.handle(HandlerWrapper.java:122) ~[moqui_temp6889676227775843172execlib_jetty-server-10.0.25.jar.:10.0.25]
	at org.eclipse.jetty.server.handler.gzip.GzipHandler.handle(GzipHandler.java:822) ~[moqui_temp6889676227775843172execlib_jetty-server-10.0.25.jar.:10.0.25]
	at org.eclipse.jetty.server.handler.HandlerWrapper.handle(HandlerWrapper.java:122) ~[moqui_temp6889676227775843172execlib_jetty-server-10.0.25.jar.:10.0.25]
	at org.eclipse.jetty.server.Server.handle(Server.java:563) ~[moqui_temp6889676227775843172execlib_jetty-server-10.0.25.jar.:10.0.25]
	at org.eclipse.jetty.server.HttpChannel$RequestDispatchable.dispatch(HttpChannel.java:1598) ~[moqui_temp6889676227775843172execlib_jetty-server-10.0.25.jar.:10.0.25]
	at org.eclipse.jetty.server.HttpChannel.dispatch(HttpChannel.java:753) ~[moqui_temp6889676227775843172execlib_jetty-server-10.0.25.jar.:10.0.25]
	at org.eclipse.jetty.server.HttpChannel.handle(HttpChannel.java:501) ~[moqui_temp6889676227775843172execlib_jetty-server-10.0.25.jar.:10.0.25]
	at org.eclipse.jetty.server.HttpConnection.onFillable(HttpConnection.java:287) ~[moqui_temp6889676227775843172execlib_jetty-server-10.0.25.jar.:10.0.25]
	at org.eclipse.jetty.io.AbstractConnection$ReadCallback.succeeded(AbstractConnection.java:314) ~[moqui_temp14383668328334921102WEB-INF_lib_jetty-io-10.0.25.jar.:10.0.25]
	at org.eclipse.jetty.io.FillInterest.fillable(FillInterest.java:100) ~[moqui_temp14383668328334921102WEB-INF_lib_jetty-io-10.0.25.jar.:10.0.25]
	at org.eclipse.jetty.io.SelectableChannelEndPoint$1.run(SelectableChannelEndPoint.java:53) ~[moqui_temp14383668328334921102WEB-INF_lib_jetty-io-10.0.25.jar.:10.0.25]
	at org.eclipse.jetty.util.thread.QueuedThreadPool.runJob(QueuedThreadPool.java:969) ~[moqui_temp17830411262910823034WEB-INF_lib_jetty-util-10.0.25.jar.:10.0.25]
	at org.eclipse.jetty.util.thread.QueuedThreadPool$Runner.doRunJob(QueuedThreadPool.java:1194) ~[moqui_temp17830411262910823034WEB-INF_lib_jetty-util-10.0.25.jar.:10.0.25]
	at org.eclipse.jetty.util.thread.QueuedThreadPool$Runner.run(QueuedThreadPool.java:1149) ~[moqui_temp17830411262910823034WEB-INF_lib_jetty-util-10.0.25.jar.:10.0.25]
	... 1 more
--- 2025-10-12 14:52:30.853 [ qtp44559647-29] ERROR                 org.moqui.impl.webapp.MoquiServlet [] []
 Internal error processing request: org.moqui.BaseException: Error parsing XML from component://webroot/screen/webroot/Login.xml
org.moqui.BaseException: Error parsing XML from component://webroot/screen/webroot/Login.xml
	at org.moqui.util.MNode.parse(MNode.java:107) ~[moqui_temp1943922979242364749WEB-INF_lib_moqui-framework-3.1.0-rc2.jar.:3.1.0-rc2]
	at org.moqui.util.MNode.parse(MNode.java:67) ~[moqui_temp1943922979242364749WEB-INF_lib_moqui-framework-3.1.0-rc2.jar.:3.1.0-rc2]
	at org.moqui.util.MNode.parse(MNode.java:58) ~[moqui_temp1943922979242364749WEB-INF_lib_moqui-framework-3.1.0-rc2.jar.:3.1.0-rc2]
	at org.moqui.impl.screen.ScreenDefinition.populateSubscreens(ScreenDefinition.groovy:407) ~[moqui_temp1943922979242364749WEB-INF_lib_moqui-framework-3.1.0-rc2.jar.:3.1.0-rc2]
	at org.moqui.impl.screen.ScreenDefinition.<init>(ScreenDefinition.groovy:249) ~[moqui_temp1943922979242364749WEB-INF_lib_moqui-framework-3.1.0-rc2.jar.:3.1.0-rc2]
	at org.moqui.impl.screen.ScreenFacadeImpl.makeScreenDefinition(ScreenFacadeImpl.groovy:203) ~[moqui_temp1943922979242364749WEB-INF_lib_moqui-framework-3.1.0-rc2.jar.:3.1.0-rc2]
	at org.moqui.impl.screen.ScreenFacadeImpl.getScreenDefinition(ScreenFacadeImpl.groovy:157) ~[moqui_temp1943922979242364749WEB-INF_lib_moqui-framework-3.1.0-rc2.jar.:3.1.0-rc2]
	at org.moqui.impl.screen.ScreenRenderImpl.internalRender(ScreenRenderImpl.groovy:285) ~[moqui_temp1943922979242364749WEB-INF_lib_moqui-framework-3.1.0-rc2.jar.:3.1.0-rc2]
	at org.moqui.impl.screen.ScreenRenderImpl.render(ScreenRenderImpl.groovy:170) ~[moqui_temp1943922979242364749WEB-INF_lib_moqui-framework-3.1.0-rc2.jar.:3.1.0-rc2]
	at org.moqui.impl.webapp.MoquiServlet.service(MoquiServlet.groovy:118) ~[moqui_temp1943922979242364749WEB-INF_lib_moqui-framework-3.1.0-rc2.jar.:3.1.0-rc2]
	at javax.servlet.http.HttpServlet.service(HttpServlet.java:750) ~[moqui_temp14540000280613286465WEB-INF_lib_javax.servlet-api-4.0.1.jar.:4.0.1]
	at org.moqui.impl.webapp.ElasticRequestLogFilter.doFilter(ElasticRequestLogFilter.groovy:97) ~[moqui_temp1943922979242364749WEB-INF_lib_moqui-framework-3.1.0-rc2.jar.:3.1.0-rc2]
	at java.lang.Thread.run(Thread.java:1583) [?:?]
Caused by: org.xml.sax.SAXParseException: Content is not allowed in prolog.
	at org.apache.xerces.parsers.AbstractSAXParser.parse(Unknown Source) ~[xercesImpl-2.12.2.jar:?]
	at org.apache.xerces.jaxp.SAXParserImpl$JAXPSAXParser.parse(Unknown Source) ~[xercesImpl-2.12.2.jar:?]
	at org.moqui.util.MNode.parse(MNode.java:104) ~[moqui_temp1943922979242364749WEB-INF_lib_moqui-framework-3.1.0-rc2.jar.:3.1.0-rc2]
	at org.moqui.util.MNode.parse(MNode.java:67) ~[moqui_temp1943922979242364749WEB-INF_lib_moqui-framework-3.1.0-rc2.jar.:3.1.0-rc2]
	at org.moqui.util.MNode.parse(MNode.java:58) ~[moqui_temp1943922979242364749WEB-INF_lib_moqui-framework-3.1.0-rc2.jar.:3.1.0-rc2]
	at org.moqui.impl.screen.ScreenDefinition.populateSubscreens(ScreenDefinition.groovy:407) ~[moqui_temp1943922979242364749WEB-INF_lib_moqui-framework-3.1.0-rc2.jar.:3.1.0-rc2]
	at org.moqui.impl.screen.ScreenDefinition.<init>(ScreenDefinition.groovy:249) ~[moqui_temp1943922979242364749WEB-INF_lib_moqui-framework-3.1.0-rc2.jar.:3.1.0-rc2]
	at org.moqui.impl.screen.ScreenFacadeImpl.makeScreenDefinition(ScreenFacadeImpl.groovy:203) ~[moqui_temp1943922979242364749WEB-INF_lib_moqui-framework-3.1.0-rc2.jar.:3.1.0-rc2]
	at org.moqui.impl.screen.ScreenFacadeImpl.getScreenDefinition(ScreenFacadeImpl.groovy:157) ~[moqui_temp1943922979242364749WEB-INF_lib_moqui-framework-3.1.0-rc2.jar.:3.1.0-rc2]
	at org.moqui.impl.screen.ScreenRenderImpl.internalRender(ScreenRenderImpl.groovy:285) ~[moqui_temp1943922979242364749WEB-INF_lib_moqui-framework-3.1.0-rc2.jar.:3.1.0-rc2]
	at org.moqui.impl.screen.ScreenRenderImpl.render(ScreenRenderImpl.groovy:170) ~[moqui_temp1943922979242364749WEB-INF_lib_moqui-framework-3.1.0-rc2.jar.:3.1.0-rc2]
	at org.moqui.impl.webapp.MoquiServlet.service(MoquiServlet.groovy:118) ~[moqui_temp1943922979242364749WEB-INF_lib_moqui-framework-3.1.0-rc2.jar.:3.1.0-rc2]
	at javax.servlet.http.HttpServlet.service(HttpServlet.java:750) ~[moqui_temp14540000280613286465WEB-INF_lib_javax.servlet-api-4.0.1.jar.:4.0.1]
	at org.eclipse.jetty.servlet.ServletHolder$NotAsync.service(ServletHolder.java:1410) ~[moqui_temp14595105289734570836execlib_jetty-servlet-10.0.25.jar.:10.0.25]
	at org.eclipse.jetty.servlet.ServletHolder.handle(ServletHolder.java:764) ~[moqui_temp14595105289734570836execlib_jetty-servlet-10.0.25.jar.:10.0.25]
	at org.eclipse.jetty.servlet.ServletHandler$ChainEnd.doFilter(ServletHandler.java:1665) ~[moqui_temp14595105289734570836execlib_jetty-servlet-10.0.25.jar.:10.0.25]
	at org.eclipse.jetty.websocket.servlet.WebSocketUpgradeFilter.doFilter(WebSocketUpgradeFilter.java:170) ~[moqui_temp12398727872867473801execlib_websocket-servlet-10.0.25.jar.:10.0.25]
	at org.eclipse.jetty.servlet.FilterHolder.doFilter(FilterHolder.java:202) ~[moqui_temp14595105289734570836execlib_jetty-servlet-10.0.25.jar.:10.0.25]
	at org.eclipse.jetty.servlet.ServletHandler$Chain.doFilter(ServletHandler.java:1635) ~[moqui_temp14595105289734570836execlib_jetty-servlet-10.0.25.jar.:10.0.25]
	at org.moqui.impl.webapp.ElasticRequestLogFilter.doFilter(ElasticRequestLogFilter.groovy:97) ~[moqui_temp1943922979242364749WEB-INF_lib_moqui-framework-3.1.0-rc2.jar.:3.1.0-rc2]
	at org.eclipse.jetty.servlet.FilterHolder.doFilter(FilterHolder.java:202) ~[moqui_temp14595105289734570836execlib_jetty-servlet-10.0.25.jar.:10.0.25]
	at org.eclipse.jetty.servlet.ServletHandler$Chain.doFilter(ServletHandler.java:1635) ~[moqui_temp14595105289734570836execlib_jetty-servlet-10.0.25.jar.:10.0.25]
	at org.eclipse.jetty.servlet.ServletHandler.doHandle(ServletHandler.java:527) ~[moqui_temp14595105289734570836execlib_jetty-servlet-10.0.25.jar.:10.0.25]
	at org.eclipse.jetty.server.handler.ScopedHandler.handle(ScopedHandler.java:131) ~[moqui_temp6889676227775843172execlib_jetty-server-10.0.25.jar.:10.0.25]
	at org.eclipse.jetty.security.SecurityHandler.handle(SecurityHandler.java:598) ~[moqui_temp673714013103359011execlib_jetty-security-10.0.25.jar.:10.0.25]
	at org.eclipse.jetty.server.handler.HandlerWrapper.handle(HandlerWrapper.java:122) ~[moqui_temp6889676227775843172execlib_jetty-server-10.0.25.jar.:10.0.25]
	at org.eclipse.jetty.server.handler.ScopedHandler.nextHandle(ScopedHandler.java:223) ~[moqui_temp6889676227775843172execlib_jetty-server-10.0.25.jar.:10.0.25]
	at org.eclipse.jetty.server.session.SessionHandler.doHandle(SessionHandler.java:1580) ~[moqui_temp6889676227775843172execlib_jetty-server-10.0.25.jar.:10.0.25]
	at org.eclipse.jetty.server.handler.ScopedHandler.nextHandle(ScopedHandler.java:221) ~[moqui_temp6889676227775843172execlib_jetty-server-10.0.25.jar.:10.0.25]
	at org.eclipse.jetty.server.handler.ContextHandler.doHandle(ContextHandler.java:1384) ~[moqui_temp6889676227775843172execlib_jetty-server-10.0.25.jar.:10.0.25]
	at org.eclipse.jetty.server.handler.ScopedHandler.nextScope(ScopedHandler.java:176) ~[moqui_temp6889676227775843172execlib_jetty-server-10.0.25.jar.:10.0.25]
	at org.eclipse.jetty.servlet.ServletHandler.doScope(ServletHandler.java:484) ~[moqui_temp14595105289734570836execlib_jetty-servlet-10.0.25.jar.:10.0.25]
	at org.eclipse.jetty.server.session.SessionHandler.doScope(SessionHandler.java:1553) ~[moqui_temp6889676227775843172execlib_jetty-server-10.0.25.jar.:10.0.25]
	at org.eclipse.jetty.server.handler.ScopedHandler.nextScope(ScopedHandler.java:174) ~[moqui_temp6889676227775843172execlib_jetty-server-10.0.25.jar.:10.0.25]
	at org.eclipse.jetty.server.handler.ContextHandler.doScope(ContextHandler.java:1306) ~[moqui_temp6889676227775843172execlib_jetty-server-10.0.25.jar.:10.0.25]
	at org.eclipse.jetty.server.handler.ScopedHandler.handle(ScopedHandler.java:129) ~[moqui_temp6889676227775843172execlib_jetty-server-10.0.25.jar.:10.0.25]
	at org.eclipse.jetty.server.handler.HandlerWrapper.handle(HandlerWrapper.java:122) ~[moqui_temp6889676227775843172execlib_jetty-server-10.0.25.jar.:10.0.25]
	at org.eclipse.jetty.server.handler.gzip.GzipHandler.handle(GzipHandler.java:812) ~[moqui_temp6889676227775843172execlib_jetty-server-10.0.25.jar.:10.0.25]
	at org.eclipse.jetty.server.handler.HandlerWrapper.handle(HandlerWrapper.java:122) ~[moqui_temp6889676227775843172execlib_jetty-server-10.0.25.jar.:10.0.25]
	at org.eclipse.jetty.server.Server.handle(Server.java:563) ~[moqui_temp6889676227775843172execlib_jetty-server-10.0.25.jar.:10.0.25]
	at org.eclipse.jetty.server.HttpChannel$RequestDispatchable.dispatch(HttpChannel.java:1598) ~[moqui_temp6889676227775843172execlib_jetty-server-10.0.25.jar.:10.0.25]
	at org.eclipse.jetty.server.HttpChannel.dispatch(HttpChannel.java:753) ~[moqui_temp6889676227775843172execlib_jetty-server-10.0.25.jar.:10.0.25]
	at org.eclipse.jetty.server.HttpChannel.handle(HttpChannel.java:501) ~[moqui_temp6889676227775843172execlib_jetty-server-10.0.25.jar.:10.0.25]
	at org.eclipse.jetty.server.HttpConnection.onFillable(HttpConnection.java:287) ~[moqui_temp6889676227775843172execlib_jetty-server-10.0.25.jar.:10.0.25]
	at org.eclipse.jetty.io.AbstractConnection$ReadCallback.succeeded(AbstractConnection.java:314) ~[moqui_temp14383668328334921102WEB-INF_lib_jetty-io-10.0.25.jar.:10.0.25]
	at org.eclipse.jetty.io.FillInterest.fillable(FillInterest.java:100) ~[moqui_temp14383668328334921102WEB-INF_lib_jetty-io-10.0.25.jar.:10.0.25]
	at org.eclipse.jetty.io.SelectableChannelEndPoint$1.run(SelectableChannelEndPoint.java:53) ~[moqui_temp14383668328334921102WEB-INF_lib_jetty-io-10.0.25.jar.:10.0.25]
	at org.eclipse.jetty.util.thread.strategy.AdaptiveExecutionStrategy.runTask(AdaptiveExecutionStrategy.java:421) ~[moqui_temp17830411262910823034WEB-INF_lib_jetty-util-10.0.25.jar.:10.0.25]
	at org.eclipse.jetty.util.thread.strategy.AdaptiveExecutionStrategy.consumeTask(AdaptiveExecutionStrategy.java:390) ~[moqui_temp17830411262910823034WEB-INF_lib_jetty-util-10.0.25.jar.:10.0.25]
	at org.eclipse.jetty.util.thread.strategy.AdaptiveExecutionStrategy.tryProduce(AdaptiveExecutionStrategy.java:277) ~[moqui_temp17830411262910823034WEB-INF_lib_jetty-util-10.0.25.jar.:10.0.25]
	at org.eclipse.jetty.util.thread.strategy.AdaptiveExecutionStrategy.produce(AdaptiveExecutionStrategy.java:193) ~[moqui_temp17830411262910823034WEB-INF_lib_jetty-util-10.0.25.jar.:10.0.25]
	at org.eclipse.jetty.util.thread.QueuedThreadPool.runJob(QueuedThreadPool.java:969) ~[moqui_temp17830411262910823034WEB-INF_lib_jetty-util-10.0.25.jar.:10.0.25]
	at org.eclipse.jetty.util.thread.QueuedThreadPool$Runner.doRunJob(QueuedThreadPool.java:1194) ~[moqui_temp17830411262910823034WEB-INF_lib_jetty-util-10.0.25.jar.:10.0.25]
	at org.eclipse.jetty.util.thread.QueuedThreadPool$Runner.run(QueuedThreadPool.java:1149) ~[moqui_temp17830411262910823034WEB-INF_lib_jetty-util-10.0.25.jar.:10.0.25]
	... 1 more
--- 2025-10-12 14:56:57.433 [ qtp44559647-29] ERROR                 org.moqui.impl.webapp.MoquiServlet [] []
 Internal error processing request: org.moqui.BaseException: Error parsing XML from component://webroot/screen/webroot/Login.xml
org.moqui.BaseException: Error parsing XML from component://webroot/screen/webroot/Login.xml
	at org.moqui.util.MNode.parse(MNode.java:107) ~[moqui_temp1943922979242364749WEB-INF_lib_moqui-framework-3.1.0-rc2.jar.:3.1.0-rc2]
	at org.moqui.util.MNode.parse(MNode.java:67) ~[moqui_temp1943922979242364749WEB-INF_lib_moqui-framework-3.1.0-rc2.jar.:3.1.0-rc2]
	at org.moqui.util.MNode.parse(MNode.java:58) ~[moqui_temp1943922979242364749WEB-INF_lib_moqui-framework-3.1.0-rc2.jar.:3.1.0-rc2]
	at org.moqui.impl.screen.ScreenDefinition.populateSubscreens(ScreenDefinition.groovy:407) ~[moqui_temp1943922979242364749WEB-INF_lib_moqui-framework-3.1.0-rc2.jar.:3.1.0-rc2]
	at org.moqui.impl.screen.ScreenDefinition.<init>(ScreenDefinition.groovy:249) ~[moqui_temp1943922979242364749WEB-INF_lib_moqui-framework-3.1.0-rc2.jar.:3.1.0-rc2]
	at org.moqui.impl.screen.ScreenFacadeImpl.makeScreenDefinition(ScreenFacadeImpl.groovy:203) ~[moqui_temp1943922979242364749WEB-INF_lib_moqui-framework-3.1.0-rc2.jar.:3.1.0-rc2]
	at org.moqui.impl.screen.ScreenFacadeImpl.getScreenDefinition(ScreenFacadeImpl.groovy:157) ~[moqui_temp1943922979242364749WEB-INF_lib_moqui-framework-3.1.0-rc2.jar.:3.1.0-rc2]
	at org.moqui.impl.screen.ScreenRenderImpl.internalRender(ScreenRenderImpl.groovy:285) ~[moqui_temp1943922979242364749WEB-INF_lib_moqui-framework-3.1.0-rc2.jar.:3.1.0-rc2]
	at org.moqui.impl.screen.ScreenRenderImpl.render(ScreenRenderImpl.groovy:170) ~[moqui_temp1943922979242364749WEB-INF_lib_moqui-framework-3.1.0-rc2.jar.:3.1.0-rc2]
	at org.moqui.impl.webapp.MoquiServlet.service(MoquiServlet.groovy:118) ~[moqui_temp1943922979242364749WEB-INF_lib_moqui-framework-3.1.0-rc2.jar.:3.1.0-rc2]
	at javax.servlet.http.HttpServlet.service(HttpServlet.java:750) ~[moqui_temp14540000280613286465WEB-INF_lib_javax.servlet-api-4.0.1.jar.:4.0.1]
	at org.moqui.impl.webapp.ElasticRequestLogFilter.doFilter(ElasticRequestLogFilter.groovy:97) ~[moqui_temp1943922979242364749WEB-INF_lib_moqui-framework-3.1.0-rc2.jar.:3.1.0-rc2]
	at java.lang.Thread.run(Thread.java:1583) [?:?]
Caused by: org.xml.sax.SAXParseException: Content is not allowed in prolog.
	at org.apache.xerces.parsers.AbstractSAXParser.parse(Unknown Source) ~[xercesImpl-2.12.2.jar:?]
	at org.apache.xerces.jaxp.SAXParserImpl$JAXPSAXParser.parse(Unknown Source) ~[xercesImpl-2.12.2.jar:?]
	at org.moqui.util.MNode.parse(MNode.java:104) ~[moqui_temp1943922979242364749WEB-INF_lib_moqui-framework-3.1.0-rc2.jar.:3.1.0-rc2]
	at org.moqui.util.MNode.parse(MNode.java:67) ~[moqui_temp1943922979242364749WEB-INF_lib_moqui-framework-3.1.0-rc2.jar.:3.1.0-rc2]
	at org.moqui.util.MNode.parse(MNode.java:58) ~[moqui_temp1943922979242364749WEB-INF_lib_moqui-framework-3.1.0-rc2.jar.:3.1.0-rc2]
	at org.moqui.impl.screen.ScreenDefinition.populateSubscreens(ScreenDefinition.groovy:407) ~[moqui_temp1943922979242364749WEB-INF_lib_moqui-framework-3.1.0-rc2.jar.:3.1.0-rc2]
	at org.moqui.impl.screen.ScreenDefinition.<init>(ScreenDefinition.groovy:249) ~[moqui_temp1943922979242364749WEB-INF_lib_moqui-framework-3.1.0-rc2.jar.:3.1.0-rc2]
	at org.moqui.impl.screen.ScreenFacadeImpl.makeScreenDefinition(ScreenFacadeImpl.groovy:203) ~[moqui_temp1943922979242364749WEB-INF_lib_moqui-framework-3.1.0-rc2.jar.:3.1.0-rc2]
	at org.moqui.impl.screen.ScreenFacadeImpl.getScreenDefinition(ScreenFacadeImpl.groovy:157) ~[moqui_temp1943922979242364749WEB-INF_lib_moqui-framework-3.1.0-rc2.jar.:3.1.0-rc2]
	at org.moqui.impl.screen.ScreenRenderImpl.internalRender(ScreenRenderImpl.groovy:285) ~[moqui_temp1943922979242364749WEB-INF_lib_moqui-framework-3.1.0-rc2.jar.:3.1.0-rc2]
	at org.moqui.impl.screen.ScreenRenderImpl.render(ScreenRenderImpl.groovy:170) ~[moqui_temp1943922979242364749WEB-INF_lib_moqui-framework-3.1.0-rc2.jar.:3.1.0-rc2]
	at org.moqui.impl.webapp.MoquiServlet.service(MoquiServlet.groovy:118) ~[moqui_temp1943922979242364749WEB-INF_lib_moqui-framework-3.1.0-rc2.jar.:3.1.0-rc2]
	at javax.servlet.http.HttpServlet.service(HttpServlet.java:750) ~[moqui_temp14540000280613286465WEB-INF_lib_javax.servlet-api-4.0.1.jar.:4.0.1]
	at org.eclipse.jetty.servlet.ServletHolder$NotAsync.service(ServletHolder.java:1410) ~[moqui_temp14595105289734570836execlib_jetty-servlet-10.0.25.jar.:10.0.25]
	at org.eclipse.jetty.servlet.ServletHolder.handle(ServletHolder.java:764) ~[moqui_temp14595105289734570836execlib_jetty-servlet-10.0.25.jar.:10.0.25]
	at org.eclipse.jetty.servlet.ServletHandler$ChainEnd.doFilter(ServletHandler.java:1665) ~[moqui_temp14595105289734570836execlib_jetty-servlet-10.0.25.jar.:10.0.25]
	at org.eclipse.jetty.websocket.servlet.WebSocketUpgradeFilter.doFilter(WebSocketUpgradeFilter.java:170) ~[moqui_temp12398727872867473801execlib_websocket-servlet-10.0.25.jar.:10.0.25]
	at org.eclipse.jetty.servlet.FilterHolder.doFilter(FilterHolder.java:202) ~[moqui_temp14595105289734570836execlib_jetty-servlet-10.0.25.jar.:10.0.25]
	at org.eclipse.jetty.servlet.ServletHandler$Chain.doFilter(ServletHandler.java:1635) ~[moqui_temp14595105289734570836execlib_jetty-servlet-10.0.25.jar.:10.0.25]
	at org.moqui.impl.webapp.ElasticRequestLogFilter.doFilter(ElasticRequestLogFilter.groovy:97) ~[moqui_temp1943922979242364749WEB-INF_lib_moqui-framework-3.1.0-rc2.jar.:3.1.0-rc2]
	at org.eclipse.jetty.servlet.FilterHolder.doFilter(FilterHolder.java:202) ~[moqui_temp14595105289734570836execlib_jetty-servlet-10.0.25.jar.:10.0.25]
	at org.eclipse.jetty.servlet.ServletHandler$Chain.doFilter(ServletHandler.java:1635) ~[moqui_temp14595105289734570836execlib_jetty-servlet-10.0.25.jar.:10.0.25]
	at org.eclipse.jetty.servlet.ServletHandler.doHandle(ServletHandler.java:527) ~[moqui_temp14595105289734570836execlib_jetty-servlet-10.0.25.jar.:10.0.25]
	at org.eclipse.jetty.server.handler.ScopedHandler.handle(ScopedHandler.java:131) ~[moqui_temp6889676227775843172execlib_jetty-server-10.0.25.jar.:10.0.25]
	at org.eclipse.jetty.security.SecurityHandler.handle(SecurityHandler.java:598) ~[moqui_temp673714013103359011execlib_jetty-security-10.0.25.jar.:10.0.25]
	at org.eclipse.jetty.server.handler.HandlerWrapper.handle(HandlerWrapper.java:122) ~[moqui_temp6889676227775843172execlib_jetty-server-10.0.25.jar.:10.0.25]
	at org.eclipse.jetty.server.handler.ScopedHandler.nextHandle(ScopedHandler.java:223) ~[moqui_temp6889676227775843172execlib_jetty-server-10.0.25.jar.:10.0.25]
	at org.eclipse.jetty.server.session.SessionHandler.doHandle(SessionHandler.java:1580) ~[moqui_temp6889676227775843172execlib_jetty-server-10.0.25.jar.:10.0.25]
	at org.eclipse.jetty.server.handler.ScopedHandler.nextHandle(ScopedHandler.java:221) ~[moqui_temp6889676227775843172execlib_jetty-server-10.0.25.jar.:10.0.25]
	at org.eclipse.jetty.server.handler.ContextHandler.doHandle(ContextHandler.java:1384) ~[moqui_temp6889676227775843172execlib_jetty-server-10.0.25.jar.:10.0.25]
	at org.eclipse.jetty.server.handler.ScopedHandler.nextScope(ScopedHandler.java:176) ~[moqui_temp6889676227775843172execlib_jetty-server-10.0.25.jar.:10.0.25]
	at org.eclipse.jetty.servlet.ServletHandler.doScope(ServletHandler.java:484) ~[moqui_temp14595105289734570836execlib_jetty-servlet-10.0.25.jar.:10.0.25]
	at org.eclipse.jetty.server.session.SessionHandler.doScope(SessionHandler.java:1553) ~[moqui_temp6889676227775843172execlib_jetty-server-10.0.25.jar.:10.0.25]
	at org.eclipse.jetty.server.handler.ScopedHandler.nextScope(ScopedHandler.java:174) ~[moqui_temp6889676227775843172execlib_jetty-server-10.0.25.jar.:10.0.25]
	at org.eclipse.jetty.server.handler.ContextHandler.doScope(ContextHandler.java:1306) ~[moqui_temp6889676227775843172execlib_jetty-server-10.0.25.jar.:10.0.25]
	at org.eclipse.jetty.server.handler.ScopedHandler.handle(ScopedHandler.java:129) ~[moqui_temp6889676227775843172execlib_jetty-server-10.0.25.jar.:10.0.25]
	at org.eclipse.jetty.server.handler.HandlerWrapper.handle(HandlerWrapper.java:122) ~[moqui_temp6889676227775843172execlib_jetty-server-10.0.25.jar.:10.0.25]
	at org.eclipse.jetty.server.handler.gzip.GzipHandler.handle(GzipHandler.java:822) ~[moqui_temp6889676227775843172execlib_jetty-server-10.0.25.jar.:10.0.25]
	at org.eclipse.jetty.server.handler.HandlerWrapper.handle(HandlerWrapper.java:122) ~[moqui_temp6889676227775843172execlib_jetty-server-10.0.25.jar.:10.0.25]
	at org.eclipse.jetty.server.Server.handle(Server.java:563) ~[moqui_temp6889676227775843172execlib_jetty-server-10.0.25.jar.:10.0.25]
	at org.eclipse.jetty.server.HttpChannel$RequestDispatchable.dispatch(HttpChannel.java:1598) ~[moqui_temp6889676227775843172execlib_jetty-server-10.0.25.jar.:10.0.25]
	at org.eclipse.jetty.server.HttpChannel.dispatch(HttpChannel.java:753) ~[moqui_temp6889676227775843172execlib_jetty-server-10.0.25.jar.:10.0.25]
	at org.eclipse.jetty.server.HttpChannel.handle(HttpChannel.java:501) ~[moqui_temp6889676227775843172execlib_jetty-server-10.0.25.jar.:10.0.25]
	at org.eclipse.jetty.server.HttpConnection.onFillable(HttpConnection.java:287) ~[moqui_temp6889676227775843172execlib_jetty-server-10.0.25.jar.:10.0.25]
	at org.eclipse.jetty.io.AbstractConnection$ReadCallback.succeeded(AbstractConnection.java:314) ~[moqui_temp14383668328334921102WEB-INF_lib_jetty-io-10.0.25.jar.:10.0.25]
	at org.eclipse.jetty.io.FillInterest.fillable(FillInterest.java:100) ~[moqui_temp14383668328334921102WEB-INF_lib_jetty-io-10.0.25.jar.:10.0.25]
	at org.eclipse.jetty.io.SelectableChannelEndPoint$1.run(SelectableChannelEndPoint.java:53) ~[moqui_temp14383668328334921102WEB-INF_lib_jetty-io-10.0.25.jar.:10.0.25]
	at org.eclipse.jetty.util.thread.QueuedThreadPool.runJob(QueuedThreadPool.java:969) ~[moqui_temp17830411262910823034WEB-INF_lib_jetty-util-10.0.25.jar.:10.0.25]
	at org.eclipse.jetty.util.thread.QueuedThreadPool$Runner.doRunJob(QueuedThreadPool.java:1194) ~[moqui_temp17830411262910823034WEB-INF_lib_jetty-util-10.0.25.jar.:10.0.25]
	at org.eclipse.jetty.util.thread.QueuedThreadPool$Runner.run(QueuedThreadPool.java:1149) ~[moqui_temp17830411262910823034WEB-INF_lib_jetty-util-10.0.25.jar.:10.0.25]
	... 1 more
--- 2025-10-12 14:56:57.444 [ qtp44559647-29] ERROR                 org.moqui.impl.webapp.MoquiServlet [] []
 Error rendering internal-error error screen, sending code 500 with message: Error parsing XML from component://webroot/screen/webroot/Login.xml Content is not allowed in prolog.
org.moqui.BaseException: Error parsing XML from component://webroot/screen/webroot/Login.xml
	at org.moqui.util.MNode.parse(MNode.java:107) ~[moqui_temp1943922979242364749WEB-INF_lib_moqui-framework-3.1.0-rc2.jar.:3.1.0-rc2]
	at org.moqui.util.MNode.parse(MNode.java:67) ~[moqui_temp1943922979242364749WEB-INF_lib_moqui-framework-3.1.0-rc2.jar.:3.1.0-rc2]
	at org.moqui.util.MNode.parse(MNode.java:58) ~[moqui_temp1943922979242364749WEB-INF_lib_moqui-framework-3.1.0-rc2.jar.:3.1.0-rc2]
	at org.moqui.impl.screen.ScreenDefinition.populateSubscreens(ScreenDefinition.groovy:407) ~[moqui_temp1943922979242364749WEB-INF_lib_moqui-framework-3.1.0-rc2.jar.:3.1.0-rc2]
	at org.moqui.impl.screen.ScreenDefinition.<init>(ScreenDefinition.groovy:249) ~[moqui_temp1943922979242364749WEB-INF_lib_moqui-framework-3.1.0-rc2.jar.:3.1.0-rc2]
	at org.moqui.impl.screen.ScreenFacadeImpl.makeScreenDefinition(ScreenFacadeImpl.groovy:203) ~[moqui_temp1943922979242364749WEB-INF_lib_moqui-framework-3.1.0-rc2.jar.:3.1.0-rc2]
	at org.moqui.impl.screen.ScreenFacadeImpl.getScreenDefinition(ScreenFacadeImpl.groovy:157) ~[moqui_temp1943922979242364749WEB-INF_lib_moqui-framework-3.1.0-rc2.jar.:3.1.0-rc2]
	at org.moqui.impl.screen.ScreenRenderImpl.internalRender(ScreenRenderImpl.groovy:285) ~[moqui_temp1943922979242364749WEB-INF_lib_moqui-framework-3.1.0-rc2.jar.:3.1.0-rc2]
	at org.moqui.impl.screen.ScreenRenderImpl.render(ScreenRenderImpl.groovy:170) ~[moqui_temp1943922979242364749WEB-INF_lib_moqui-framework-3.1.0-rc2.jar.:3.1.0-rc2]
	at org.moqui.impl.webapp.MoquiServlet.sendErrorResponse(MoquiServlet.groovy:293) ~[moqui_temp1943922979242364749WEB-INF_lib_moqui-framework-3.1.0-rc2.jar.:3.1.0-rc2]
	at org.moqui.impl.webapp.MoquiServlet.service(MoquiServlet.groovy:156) ~[moqui_temp1943922979242364749WEB-INF_lib_moqui-framework-3.1.0-rc2.jar.:3.1.0-rc2]
	at javax.servlet.http.HttpServlet.service(HttpServlet.java:750) ~[moqui_temp14540000280613286465WEB-INF_lib_javax.servlet-api-4.0.1.jar.:4.0.1]
	at org.moqui.impl.webapp.ElasticRequestLogFilter.doFilter(ElasticRequestLogFilter.groovy:97) ~[moqui_temp1943922979242364749WEB-INF_lib_moqui-framework-3.1.0-rc2.jar.:3.1.0-rc2]
	at java.lang.Thread.run(Thread.java:1583) [?:?]
Caused by: org.xml.sax.SAXParseException: Content is not allowed in prolog.
	at org.apache.xerces.parsers.AbstractSAXParser.parse(Unknown Source) ~[xercesImpl-2.12.2.jar:?]
	at org.apache.xerces.jaxp.SAXParserImpl$JAXPSAXParser.parse(Unknown Source) ~[xercesImpl-2.12.2.jar:?]
	at org.moqui.util.MNode.parse(MNode.java:104) ~[moqui_temp1943922979242364749WEB-INF_lib_moqui-framework-3.1.0-rc2.jar.:3.1.0-rc2]
	at org.moqui.util.MNode.parse(MNode.java:67) ~[moqui_temp1943922979242364749WEB-INF_lib_moqui-framework-3.1.0-rc2.jar.:3.1.0-rc2]
	at org.moqui.util.MNode.parse(MNode.java:58) ~[moqui_temp1943922979242364749WEB-INF_lib_moqui-framework-3.1.0-rc2.jar.:3.1.0-rc2]
	at org.moqui.impl.screen.ScreenDefinition.populateSubscreens(ScreenDefinition.groovy:407) ~[moqui_temp1943922979242364749WEB-INF_lib_moqui-framework-3.1.0-rc2.jar.:3.1.0-rc2]
	at org.moqui.impl.screen.ScreenDefinition.<init>(ScreenDefinition.groovy:249) ~[moqui_temp1943922979242364749WEB-INF_lib_moqui-framework-3.1.0-rc2.jar.:3.1.0-rc2]
	at org.moqui.impl.screen.ScreenFacadeImpl.makeScreenDefinition(ScreenFacadeImpl.groovy:203) ~[moqui_temp1943922979242364749WEB-INF_lib_moqui-framework-3.1.0-rc2.jar.:3.1.0-rc2]
	at org.moqui.impl.screen.ScreenFacadeImpl.getScreenDefinition(ScreenFacadeImpl.groovy:157) ~[moqui_temp1943922979242364749WEB-INF_lib_moqui-framework-3.1.0-rc2.jar.:3.1.0-rc2]
	at org.moqui.impl.screen.ScreenRenderImpl.internalRender(ScreenRenderImpl.groovy:285) ~[moqui_temp1943922979242364749WEB-INF_lib_moqui-framework-3.1.0-rc2.jar.:3.1.0-rc2]
	at org.moqui.impl.screen.ScreenRenderImpl.render(ScreenRenderImpl.groovy:170) ~[moqui_temp1943922979242364749WEB-INF_lib_moqui-framework-3.1.0-rc2.jar.:3.1.0-rc2]
	at org.moqui.impl.webapp.MoquiServlet.sendErrorResponse(MoquiServlet.groovy:293) ~[moqui_temp1943922979242364749WEB-INF_lib_moqui-framework-3.1.0-rc2.jar.:3.1.0-rc2]
	at org.moqui.impl.webapp.MoquiServlet.service(MoquiServlet.groovy:156) ~[moqui_temp1943922979242364749WEB-INF_lib_moqui-framework-3.1.0-rc2.jar.:3.1.0-rc2]
	at javax.servlet.http.HttpServlet.service(HttpServlet.java:750) ~[moqui_temp14540000280613286465WEB-INF_lib_javax.servlet-api-4.0.1.jar.:4.0.1]
	at org.eclipse.jetty.servlet.ServletHolder$NotAsync.service(ServletHolder.java:1410) ~[moqui_temp14595105289734570836execlib_jetty-servlet-10.0.25.jar.:10.0.25]
	at org.eclipse.jetty.servlet.ServletHolder.handle(ServletHolder.java:764) ~[moqui_temp14595105289734570836execlib_jetty-servlet-10.0.25.jar.:10.0.25]
	at org.eclipse.jetty.servlet.ServletHandler$ChainEnd.doFilter(ServletHandler.java:1665) ~[moqui_temp14595105289734570836execlib_jetty-servlet-10.0.25.jar.:10.0.25]
	at org.eclipse.jetty.websocket.servlet.WebSocketUpgradeFilter.doFilter(WebSocketUpgradeFilter.java:170) ~[moqui_temp12398727872867473801execlib_websocket-servlet-10.0.25.jar.:10.0.25]
	at org.eclipse.jetty.servlet.FilterHolder.doFilter(FilterHolder.java:202) ~[moqui_temp14595105289734570836execlib_jetty-servlet-10.0.25.jar.:10.0.25]
	at org.eclipse.jetty.servlet.ServletHandler$Chain.doFilter(ServletHandler.java:1635) ~[moqui_temp14595105289734570836execlib_jetty-servlet-10.0.25.jar.:10.0.25]
	at org.moqui.impl.webapp.ElasticRequestLogFilter.doFilter(ElasticRequestLogFilter.groovy:97) ~[moqui_temp1943922979242364749WEB-INF_lib_moqui-framework-3.1.0-rc2.jar.:3.1.0-rc2]
	at org.eclipse.jetty.servlet.FilterHolder.doFilter(FilterHolder.java:202) ~[moqui_temp14595105289734570836execlib_jetty-servlet-10.0.25.jar.:10.0.25]
	at org.eclipse.jetty.servlet.ServletHandler$Chain.doFilter(ServletHandler.java:1635) ~[moqui_temp14595105289734570836execlib_jetty-servlet-10.0.25.jar.:10.0.25]
	at org.eclipse.jetty.servlet.ServletHandler.doHandle(ServletHandler.java:527) ~[moqui_temp14595105289734570836execlib_jetty-servlet-10.0.25.jar.:10.0.25]
	at org.eclipse.jetty.server.handler.ScopedHandler.handle(ScopedHandler.java:131) ~[moqui_temp6889676227775843172execlib_jetty-server-10.0.25.jar.:10.0.25]
	at org.eclipse.jetty.security.SecurityHandler.handle(SecurityHandler.java:598) ~[moqui_temp673714013103359011execlib_jetty-security-10.0.25.jar.:10.0.25]
	at org.eclipse.jetty.server.handler.HandlerWrapper.handle(HandlerWrapper.java:122) ~[moqui_temp6889676227775843172execlib_jetty-server-10.0.25.jar.:10.0.25]
	at org.eclipse.jetty.server.handler.ScopedHandler.nextHandle(ScopedHandler.java:223) ~[moqui_temp6889676227775843172execlib_jetty-server-10.0.25.jar.:10.0.25]
	at org.eclipse.jetty.server.session.SessionHandler.doHandle(SessionHandler.java:1580) ~[moqui_temp6889676227775843172execlib_jetty-server-10.0.25.jar.:10.0.25]
	at org.eclipse.jetty.server.handler.ScopedHandler.nextHandle(ScopedHandler.java:221) ~[moqui_temp6889676227775843172execlib_jetty-server-10.0.25.jar.:10.0.25]
	at org.eclipse.jetty.server.handler.ContextHandler.doHandle(ContextHandler.java:1384) ~[moqui_temp6889676227775843172execlib_jetty-server-10.0.25.jar.:10.0.25]
	at org.eclipse.jetty.server.handler.ScopedHandler.nextScope(ScopedHandler.java:176) ~[moqui_temp6889676227775843172execlib_jetty-server-10.0.25.jar.:10.0.25]
	at org.eclipse.jetty.servlet.ServletHandler.doScope(ServletHandler.java:484) ~[moqui_temp14595105289734570836execlib_jetty-servlet-10.0.25.jar.:10.0.25]
	at org.eclipse.jetty.server.session.SessionHandler.doScope(SessionHandler.java:1553) ~[moqui_temp6889676227775843172execlib_jetty-server-10.0.25.jar.:10.0.25]
	at org.eclipse.jetty.server.handler.ScopedHandler.nextScope(ScopedHandler.java:174) ~[moqui_temp6889676227775843172execlib_jetty-server-10.0.25.jar.:10.0.25]
	at org.eclipse.jetty.server.handler.ContextHandler.doScope(ContextHandler.java:1306) ~[moqui_temp6889676227775843172execlib_jetty-server-10.0.25.jar.:10.0.25]
	at org.eclipse.jetty.server.handler.ScopedHandler.handle(ScopedHandler.java:129) ~[moqui_temp6889676227775843172execlib_jetty-server-10.0.25.jar.:10.0.25]
	at org.eclipse.jetty.server.handler.HandlerWrapper.handle(HandlerWrapper.java:122) ~[moqui_temp6889676227775843172execlib_jetty-server-10.0.25.jar.:10.0.25]
	at org.eclipse.jetty.server.handler.gzip.GzipHandler.handle(GzipHandler.java:822) ~[moqui_temp6889676227775843172execlib_jetty-server-10.0.25.jar.:10.0.25]
	at org.eclipse.jetty.server.handler.HandlerWrapper.handle(HandlerWrapper.java:122) ~[moqui_temp6889676227775843172execlib_jetty-server-10.0.25.jar.:10.0.25]
	at org.eclipse.jetty.server.Server.handle(Server.java:563) ~[moqui_temp6889676227775843172execlib_jetty-server-10.0.25.jar.:10.0.25]
	at org.eclipse.jetty.server.HttpChannel$RequestDispatchable.dispatch(HttpChannel.java:1598) ~[moqui_temp6889676227775843172execlib_jetty-server-10.0.25.jar.:10.0.25]
	at org.eclipse.jetty.server.HttpChannel.dispatch(HttpChannel.java:753) ~[moqui_temp6889676227775843172execlib_jetty-server-10.0.25.jar.:10.0.25]
	at org.eclipse.jetty.server.HttpChannel.handle(HttpChannel.java:501) ~[moqui_temp6889676227775843172execlib_jetty-server-10.0.25.jar.:10.0.25]
	at org.eclipse.jetty.server.HttpConnection.onFillable(HttpConnection.java:287) ~[moqui_temp6889676227775843172execlib_jetty-server-10.0.25.jar.:10.0.25]
	at org.eclipse.jetty.io.AbstractConnection$ReadCallback.succeeded(AbstractConnection.java:314) ~[moqui_temp14383668328334921102WEB-INF_lib_jetty-io-10.0.25.jar.:10.0.25]
	at org.eclipse.jetty.io.FillInterest.fillable(FillInterest.java:100) ~[moqui_temp14383668328334921102WEB-INF_lib_jetty-io-10.0.25.jar.:10.0.25]
	at org.eclipse.jetty.io.SelectableChannelEndPoint$1.run(SelectableChannelEndPoint.java:53) ~[moqui_temp14383668328334921102WEB-INF_lib_jetty-io-10.0.25.jar.:10.0.25]
	at org.eclipse.jetty.util.thread.QueuedThreadPool.runJob(QueuedThreadPool.java:969) ~[moqui_temp17830411262910823034WEB-INF_lib_jetty-util-10.0.25.jar.:10.0.25]
	at org.eclipse.jetty.util.thread.QueuedThreadPool$Runner.doRunJob(QueuedThreadPool.java:1194) ~[moqui_temp17830411262910823034WEB-INF_lib_jetty-util-10.0.25.jar.:10.0.25]
	at org.eclipse.jetty.util.thread.QueuedThreadPool$Runner.run(QueuedThreadPool.java:1149) ~[moqui_temp17830411262910823034WEB-INF_lib_jetty-util-10.0.25.jar.:10.0.25]
	... 1 more
--- 2025-10-12 14:56:57.534 [ qtp44559647-32] ERROR                 org.moqui.impl.webapp.MoquiServlet [] []
 Internal error processing request: org.moqui.BaseException: Error parsing XML from component://webroot/screen/webroot/Login.xml
org.moqui.BaseException: Error parsing XML from component://webroot/screen/webroot/Login.xml
	at org.moqui.util.MNode.parse(MNode.java:107) ~[moqui_temp1943922979242364749WEB-INF_lib_moqui-framework-3.1.0-rc2.jar.:3.1.0-rc2]
	at org.moqui.util.MNode.parse(MNode.java:67) ~[moqui_temp1943922979242364749WEB-INF_lib_moqui-framework-3.1.0-rc2.jar.:3.1.0-rc2]
	at org.moqui.util.MNode.parse(MNode.java:58) ~[moqui_temp1943922979242364749WEB-INF_lib_moqui-framework-3.1.0-rc2.jar.:3.1.0-rc2]
	at org.moqui.impl.screen.ScreenDefinition.populateSubscreens(ScreenDefinition.groovy:407) ~[moqui_temp1943922979242364749WEB-INF_lib_moqui-framework-3.1.0-rc2.jar.:3.1.0-rc2]
	at org.moqui.impl.screen.ScreenDefinition.<init>(ScreenDefinition.groovy:249) ~[moqui_temp1943922979242364749WEB-INF_lib_moqui-framework-3.1.0-rc2.jar.:3.1.0-rc2]
	at org.moqui.impl.screen.ScreenFacadeImpl.makeScreenDefinition(ScreenFacadeImpl.groovy:203) ~[moqui_temp1943922979242364749WEB-INF_lib_moqui-framework-3.1.0-rc2.jar.:3.1.0-rc2]
	at org.moqui.impl.screen.ScreenFacadeImpl.getScreenDefinition(ScreenFacadeImpl.groovy:157) ~[moqui_temp1943922979242364749WEB-INF_lib_moqui-framework-3.1.0-rc2.jar.:3.1.0-rc2]
	at org.moqui.impl.screen.ScreenRenderImpl.internalRender(ScreenRenderImpl.groovy:285) ~[moqui_temp1943922979242364749WEB-INF_lib_moqui-framework-3.1.0-rc2.jar.:3.1.0-rc2]
	at org.moqui.impl.screen.ScreenRenderImpl.render(ScreenRenderImpl.groovy:170) ~[moqui_temp1943922979242364749WEB-INF_lib_moqui-framework-3.1.0-rc2.jar.:3.1.0-rc2]
	at org.moqui.impl.webapp.MoquiServlet.service(MoquiServlet.groovy:118) ~[moqui_temp1943922979242364749WEB-INF_lib_moqui-framework-3.1.0-rc2.jar.:3.1.0-rc2]
	at javax.servlet.http.HttpServlet.service(HttpServlet.java:750) ~[moqui_temp14540000280613286465WEB-INF_lib_javax.servlet-api-4.0.1.jar.:4.0.1]
	at org.moqui.impl.webapp.ElasticRequestLogFilter.doFilter(ElasticRequestLogFilter.groovy:97) ~[moqui_temp1943922979242364749WEB-INF_lib_moqui-framework-3.1.0-rc2.jar.:3.1.0-rc2]
	at java.lang.Thread.run(Thread.java:1583) [?:?]
Caused by: org.xml.sax.SAXParseException: Content is not allowed in prolog.
	at org.apache.xerces.parsers.AbstractSAXParser.parse(Unknown Source) ~[xercesImpl-2.12.2.jar:?]
	at org.apache.xerces.jaxp.SAXParserImpl$JAXPSAXParser.parse(Unknown Source) ~[xercesImpl-2.12.2.jar:?]
	at org.moqui.util.MNode.parse(MNode.java:104) ~[moqui_temp1943922979242364749WEB-INF_lib_moqui-framework-3.1.0-rc2.jar.:3.1.0-rc2]
	at org.moqui.util.MNode.parse(MNode.java:67) ~[moqui_temp1943922979242364749WEB-INF_lib_moqui-framework-3.1.0-rc2.jar.:3.1.0-rc2]
	at org.moqui.util.MNode.parse(MNode.java:58) ~[moqui_temp1943922979242364749WEB-INF_lib_moqui-framework-3.1.0-rc2.jar.:3.1.0-rc2]
	at org.moqui.impl.screen.ScreenDefinition.populateSubscreens(ScreenDefinition.groovy:407) ~[moqui_temp1943922979242364749WEB-INF_lib_moqui-framework-3.1.0-rc2.jar.:3.1.0-rc2]
	at org.moqui.impl.screen.ScreenDefinition.<init>(ScreenDefinition.groovy:249) ~[moqui_temp1943922979242364749WEB-INF_lib_moqui-framework-3.1.0-rc2.jar.:3.1.0-rc2]
	at org.moqui.impl.screen.ScreenFacadeImpl.makeScreenDefinition(ScreenFacadeImpl.groovy:203) ~[moqui_temp1943922979242364749WEB-INF_lib_moqui-framework-3.1.0-rc2.jar.:3.1.0-rc2]
	at org.moqui.impl.screen.ScreenFacadeImpl.getScreenDefinition(ScreenFacadeImpl.groovy:157) ~[moqui_temp1943922979242364749WEB-INF_lib_moqui-framework-3.1.0-rc2.jar.:3.1.0-rc2]
	at org.moqui.impl.screen.ScreenRenderImpl.internalRender(ScreenRenderImpl.groovy:285) ~[moqui_temp1943922979242364749WEB-INF_lib_moqui-framework-3.1.0-rc2.jar.:3.1.0-rc2]
	at org.moqui.impl.screen.ScreenRenderImpl.render(ScreenRenderImpl.groovy:170) ~[moqui_temp1943922979242364749WEB-INF_lib_moqui-framework-3.1.0-rc2.jar.:3.1.0-rc2]
	at org.moqui.impl.webapp.MoquiServlet.service(MoquiServlet.groovy:118) ~[moqui_temp1943922979242364749WEB-INF_lib_moqui-framework-3.1.0-rc2.jar.:3.1.0-rc2]
	at javax.servlet.http.HttpServlet.service(HttpServlet.java:750) ~[moqui_temp14540000280613286465WEB-INF_lib_javax.servlet-api-4.0.1.jar.:4.0.1]
	at org.eclipse.jetty.servlet.ServletHolder$NotAsync.service(ServletHolder.java:1410) ~[moqui_temp14595105289734570836execlib_jetty-servlet-10.0.25.jar.:10.0.25]
	at org.eclipse.jetty.servlet.ServletHolder.handle(ServletHolder.java:764) ~[moqui_temp14595105289734570836execlib_jetty-servlet-10.0.25.jar.:10.0.25]
	at org.eclipse.jetty.servlet.ServletHandler$ChainEnd.doFilter(ServletHandler.java:1665) ~[moqui_temp14595105289734570836execlib_jetty-servlet-10.0.25.jar.:10.0.25]
	at org.eclipse.jetty.websocket.servlet.WebSocketUpgradeFilter.doFilter(WebSocketUpgradeFilter.java:170) ~[moqui_temp12398727872867473801execlib_websocket-servlet-10.0.25.jar.:10.0.25]
	at org.eclipse.jetty.servlet.FilterHolder.doFilter(FilterHolder.java:202) ~[moqui_temp14595105289734570836execlib_jetty-servlet-10.0.25.jar.:10.0.25]
	at org.eclipse.jetty.servlet.ServletHandler$Chain.doFilter(ServletHandler.java:1635) ~[moqui_temp14595105289734570836execlib_jetty-servlet-10.0.25.jar.:10.0.25]
	at org.moqui.impl.webapp.ElasticRequestLogFilter.doFilter(ElasticRequestLogFilter.groovy:97) ~[moqui_temp1943922979242364749WEB-INF_lib_moqui-framework-3.1.0-rc2.jar.:3.1.0-rc2]
	at org.eclipse.jetty.servlet.FilterHolder.doFilter(FilterHolder.java:202) ~[moqui_temp14595105289734570836execlib_jetty-servlet-10.0.25.jar.:10.0.25]
	at org.eclipse.jetty.servlet.ServletHandler$Chain.doFilter(ServletHandler.java:1635) ~[moqui_temp14595105289734570836execlib_jetty-servlet-10.0.25.jar.:10.0.25]
	at org.eclipse.jetty.servlet.ServletHandler.doHandle(ServletHandler.java:527) ~[moqui_temp14595105289734570836execlib_jetty-servlet-10.0.25.jar.:10.0.25]
	at org.eclipse.jetty.server.handler.ScopedHandler.handle(ScopedHandler.java:131) ~[moqui_temp6889676227775843172execlib_jetty-server-10.0.25.jar.:10.0.25]
	at org.eclipse.jetty.security.SecurityHandler.handle(SecurityHandler.java:598) ~[moqui_temp673714013103359011execlib_jetty-security-10.0.25.jar.:10.0.25]
	at org.eclipse.jetty.server.handler.HandlerWrapper.handle(HandlerWrapper.java:122) ~[moqui_temp6889676227775843172execlib_jetty-server-10.0.25.jar.:10.0.25]
	at org.eclipse.jetty.server.handler.ScopedHandler.nextHandle(ScopedHandler.java:223) ~[moqui_temp6889676227775843172execlib_jetty-server-10.0.25.jar.:10.0.25]
	at org.eclipse.jetty.server.session.SessionHandler.doHandle(SessionHandler.java:1580) ~[moqui_temp6889676227775843172execlib_jetty-server-10.0.25.jar.:10.0.25]
	at org.eclipse.jetty.server.handler.ScopedHandler.nextHandle(ScopedHandler.java:221) ~[moqui_temp6889676227775843172execlib_jetty-server-10.0.25.jar.:10.0.25]
	at org.eclipse.jetty.server.handler.ContextHandler.doHandle(ContextHandler.java:1384) ~[moqui_temp6889676227775843172execlib_jetty-server-10.0.25.jar.:10.0.25]
	at org.eclipse.jetty.server.handler.ScopedHandler.nextScope(ScopedHandler.java:176) ~[moqui_temp6889676227775843172execlib_jetty-server-10.0.25.jar.:10.0.25]
	at org.eclipse.jetty.servlet.ServletHandler.doScope(ServletHandler.java:484) ~[moqui_temp14595105289734570836execlib_jetty-servlet-10.0.25.jar.:10.0.25]
	at org.eclipse.jetty.server.session.SessionHandler.doScope(SessionHandler.java:1553) ~[moqui_temp6889676227775843172execlib_jetty-server-10.0.25.jar.:10.0.25]
	at org.eclipse.jetty.server.handler.ScopedHandler.nextScope(ScopedHandler.java:174) ~[moqui_temp6889676227775843172execlib_jetty-server-10.0.25.jar.:10.0.25]
	at org.eclipse.jetty.server.handler.ContextHandler.doScope(ContextHandler.java:1306) ~[moqui_temp6889676227775843172execlib_jetty-server-10.0.25.jar.:10.0.25]
	at org.eclipse.jetty.server.handler.ScopedHandler.handle(ScopedHandler.java:129) ~[moqui_temp6889676227775843172execlib_jetty-server-10.0.25.jar.:10.0.25]
	at org.eclipse.jetty.server.handler.HandlerWrapper.handle(HandlerWrapper.java:122) ~[moqui_temp6889676227775843172execlib_jetty-server-10.0.25.jar.:10.0.25]
	at org.eclipse.jetty.server.handler.gzip.GzipHandler.handle(GzipHandler.java:812) ~[moqui_temp6889676227775843172execlib_jetty-server-10.0.25.jar.:10.0.25]
	at org.eclipse.jetty.server.handler.HandlerWrapper.handle(HandlerWrapper.java:122) ~[moqui_temp6889676227775843172execlib_jetty-server-10.0.25.jar.:10.0.25]
	at org.eclipse.jetty.server.Server.handle(Server.java:563) ~[moqui_temp6889676227775843172execlib_jetty-server-10.0.25.jar.:10.0.25]
	at org.eclipse.jetty.server.HttpChannel$RequestDispatchable.dispatch(HttpChannel.java:1598) ~[moqui_temp6889676227775843172execlib_jetty-server-10.0.25.jar.:10.0.25]
	at org.eclipse.jetty.server.HttpChannel.dispatch(HttpChannel.java:753) ~[moqui_temp6889676227775843172execlib_jetty-server-10.0.25.jar.:10.0.25]
	at org.eclipse.jetty.server.HttpChannel.handle(HttpChannel.java:501) ~[moqui_temp6889676227775843172execlib_jetty-server-10.0.25.jar.:10.0.25]
	at org.eclipse.jetty.server.HttpConnection.onFillable(HttpConnection.java:287) ~[moqui_temp6889676227775843172execlib_jetty-server-10.0.25.jar.:10.0.25]
	at org.eclipse.jetty.io.AbstractConnection$ReadCallback.succeeded(AbstractConnection.java:314) ~[moqui_temp14383668328334921102WEB-INF_lib_jetty-io-10.0.25.jar.:10.0.25]
	at org.eclipse.jetty.io.FillInterest.fillable(FillInterest.java:100) ~[moqui_temp14383668328334921102WEB-INF_lib_jetty-io-10.0.25.jar.:10.0.25]
	at org.eclipse.jetty.io.SelectableChannelEndPoint$1.run(SelectableChannelEndPoint.java:53) ~[moqui_temp14383668328334921102WEB-INF_lib_jetty-io-10.0.25.jar.:10.0.25]
	at org.eclipse.jetty.util.thread.strategy.AdaptiveExecutionStrategy.runTask(AdaptiveExecutionStrategy.java:421) ~[moqui_temp17830411262910823034WEB-INF_lib_jetty-util-10.0.25.jar.:10.0.25]
	at org.eclipse.jetty.util.thread.strategy.AdaptiveExecutionStrategy.consumeTask(AdaptiveExecutionStrategy.java:390) ~[moqui_temp17830411262910823034WEB-INF_lib_jetty-util-10.0.25.jar.:10.0.25]
	at org.eclipse.jetty.util.thread.strategy.AdaptiveExecutionStrategy.tryProduce(AdaptiveExecutionStrategy.java:277) ~[moqui_temp17830411262910823034WEB-INF_lib_jetty-util-10.0.25.jar.:10.0.25]
	at org.eclipse.jetty.util.thread.strategy.AdaptiveExecutionStrategy.produce(AdaptiveExecutionStrategy.java:193) ~[moqui_temp17830411262910823034WEB-INF_lib_jetty-util-10.0.25.jar.:10.0.25]
	at org.eclipse.jetty.util.thread.QueuedThreadPool.runJob(QueuedThreadPool.java:969) ~[moqui_temp17830411262910823034WEB-INF_lib_jetty-util-10.0.25.jar.:10.0.25]
	at org.eclipse.jetty.util.thread.QueuedThreadPool$Runner.doRunJob(QueuedThreadPool.java:1194) ~[moqui_temp17830411262910823034WEB-INF_lib_jetty-util-10.0.25.jar.:10.0.25]
	at org.eclipse.jetty.util.thread.QueuedThreadPool$Runner.run(QueuedThreadPool.java:1149) ~[moqui_temp17830411262910823034WEB-INF_lib_jetty-util-10.0.25.jar.:10.0.25]
	... 1 more
--- 2025-10-12 15:28:51.522 [qtp749927456-30] ERROR                 org.moqui.impl.webapp.MoquiServlet [] []
 Internal error processing request: org.moqui.BaseException: Error parsing XML from component://webroot/screen/webroot/error.xml
org.moqui.BaseException: Error parsing XML from component://webroot/screen/webroot/error.xml
	at org.moqui.util.MNode.parse(MNode.java:107) ~[moqui_temp17808485675440523789WEB-INF_lib_moqui-framework-3.1.0-rc2.jar.:3.1.0-rc2]
	at org.moqui.util.MNode.parse(MNode.java:67) ~[moqui_temp17808485675440523789WEB-INF_lib_moqui-framework-3.1.0-rc2.jar.:3.1.0-rc2]
	at org.moqui.util.MNode.parse(MNode.java:58) ~[moqui_temp17808485675440523789WEB-INF_lib_moqui-framework-3.1.0-rc2.jar.:3.1.0-rc2]
	at org.moqui.impl.screen.ScreenDefinition.populateSubscreens(ScreenDefinition.groovy:407) ~[moqui_temp17808485675440523789WEB-INF_lib_moqui-framework-3.1.0-rc2.jar.:3.1.0-rc2]
	at org.moqui.impl.screen.ScreenDefinition.<init>(ScreenDefinition.groovy:249) ~[moqui_temp17808485675440523789WEB-INF_lib_moqui-framework-3.1.0-rc2.jar.:3.1.0-rc2]
	at org.moqui.impl.screen.ScreenFacadeImpl.makeScreenDefinition(ScreenFacadeImpl.groovy:203) ~[moqui_temp17808485675440523789WEB-INF_lib_moqui-framework-3.1.0-rc2.jar.:3.1.0-rc2]
	at org.moqui.impl.screen.ScreenFacadeImpl.getScreenDefinition(ScreenFacadeImpl.groovy:157) ~[moqui_temp17808485675440523789WEB-INF_lib_moqui-framework-3.1.0-rc2.jar.:3.1.0-rc2]
	at org.moqui.impl.screen.ScreenUrlInfo.getScreenUrlInfo(ScreenUrlInfo.groovy:170) ~[moqui_temp17808485675440523789WEB-INF_lib_moqui-framework-3.1.0-rc2.jar.:3.1.0-rc2]
	at org.moqui.impl.context.UserFacadeImpl.initFromHttpRequest(UserFacadeImpl.groovy:268) ~[moqui_temp17808485675440523789WEB-INF_lib_moqui-framework-3.1.0-rc2.jar.:3.1.0-rc2]
	at org.moqui.impl.context.ExecutionContextImpl.initWebFacade(ExecutionContextImpl.java:178) ~[moqui_temp17808485675440523789WEB-INF_lib_moqui-framework-3.1.0-rc2.jar.:3.1.0-rc2]
	at org.moqui.impl.webapp.MoquiServlet.service(MoquiServlet.groovy:114) ~[moqui_temp17808485675440523789WEB-INF_lib_moqui-framework-3.1.0-rc2.jar.:3.1.0-rc2]
	at javax.servlet.http.HttpServlet.service(HttpServlet.java:750) ~[moqui_temp4748825672681317691WEB-INF_lib_javax.servlet-api-4.0.1.jar.:4.0.1]
	at org.moqui.impl.webapp.ElasticRequestLogFilter.doFilter(ElasticRequestLogFilter.groovy:97) ~[moqui_temp17808485675440523789WEB-INF_lib_moqui-framework-3.1.0-rc2.jar.:3.1.0-rc2]
	at java.lang.Thread.run(Thread.java:1583) [?:?]
Caused by: org.xml.sax.SAXParseException: Content is not allowed in prolog.
	at org.apache.xerces.parsers.AbstractSAXParser.parse(Unknown Source) ~[xercesImpl-2.12.2.jar:?]
	at org.apache.xerces.jaxp.SAXParserImpl$JAXPSAXParser.parse(Unknown Source) ~[xercesImpl-2.12.2.jar:?]
	at org.moqui.util.MNode.parse(MNode.java:104) ~[moqui_temp17808485675440523789WEB-INF_lib_moqui-framework-3.1.0-rc2.jar.:3.1.0-rc2]
	at org.moqui.util.MNode.parse(MNode.java:67) ~[moqui_temp17808485675440523789WEB-INF_lib_moqui-framework-3.1.0-rc2.jar.:3.1.0-rc2]
	at org.moqui.util.MNode.parse(MNode.java:58) ~[moqui_temp17808485675440523789WEB-INF_lib_moqui-framework-3.1.0-rc2.jar.:3.1.0-rc2]
	at org.moqui.impl.screen.ScreenDefinition.populateSubscreens(ScreenDefinition.groovy:407) ~[moqui_temp17808485675440523789WEB-INF_lib_moqui-framework-3.1.0-rc2.jar.:3.1.0-rc2]
	at org.moqui.impl.screen.ScreenDefinition.<init>(ScreenDefinition.groovy:249) ~[moqui_temp17808485675440523789WEB-INF_lib_moqui-framework-3.1.0-rc2.jar.:3.1.0-rc2]
	at org.moqui.impl.screen.ScreenFacadeImpl.makeScreenDefinition(ScreenFacadeImpl.groovy:203) ~[moqui_temp17808485675440523789WEB-INF_lib_moqui-framework-3.1.0-rc2.jar.:3.1.0-rc2]
	at org.moqui.impl.screen.ScreenFacadeImpl.getScreenDefinition(ScreenFacadeImpl.groovy:157) ~[moqui_temp17808485675440523789WEB-INF_lib_moqui-framework-3.1.0-rc2.jar.:3.1.0-rc2]
	at org.moqui.impl.screen.ScreenUrlInfo.getScreenUrlInfo(ScreenUrlInfo.groovy:170) ~[moqui_temp17808485675440523789WEB-INF_lib_moqui-framework-3.1.0-rc2.jar.:3.1.0-rc2]
	at org.moqui.impl.context.UserFacadeImpl.initFromHttpRequest(UserFacadeImpl.groovy:268) ~[moqui_temp17808485675440523789WEB-INF_lib_moqui-framework-3.1.0-rc2.jar.:3.1.0-rc2]
	at org.moqui.impl.context.ExecutionContextImpl.initWebFacade(ExecutionContextImpl.java:178) ~[moqui_temp17808485675440523789WEB-INF_lib_moqui-framework-3.1.0-rc2.jar.:3.1.0-rc2]
	at org.moqui.impl.webapp.MoquiServlet.service(MoquiServlet.groovy:114) ~[moqui_temp17808485675440523789WEB-INF_lib_moqui-framework-3.1.0-rc2.jar.:3.1.0-rc2]
	at javax.servlet.http.HttpServlet.service(HttpServlet.java:750) ~[moqui_temp4748825672681317691WEB-INF_lib_javax.servlet-api-4.0.1.jar.:4.0.1]
	at org.eclipse.jetty.servlet.ServletHolder$NotAsync.service(ServletHolder.java:1410) ~[moqui_temp15490136333987685175execlib_jetty-servlet-10.0.25.jar.:10.0.25]
	at org.eclipse.jetty.servlet.ServletHolder.handle(ServletHolder.java:764) ~[moqui_temp15490136333987685175execlib_jetty-servlet-10.0.25.jar.:10.0.25]
	at org.eclipse.jetty.servlet.ServletHandler$ChainEnd.doFilter(ServletHandler.java:1665) ~[moqui_temp15490136333987685175execlib_jetty-servlet-10.0.25.jar.:10.0.25]
	at org.eclipse.jetty.websocket.servlet.WebSocketUpgradeFilter.doFilter(WebSocketUpgradeFilter.java:170) ~[moqui_temp15917707255551906127execlib_websocket-servlet-10.0.25.jar.:10.0.25]
	at org.eclipse.jetty.servlet.FilterHolder.doFilter(FilterHolder.java:202) ~[moqui_temp15490136333987685175execlib_jetty-servlet-10.0.25.jar.:10.0.25]
	at org.eclipse.jetty.servlet.ServletHandler$Chain.doFilter(ServletHandler.java:1635) ~[moqui_temp15490136333987685175execlib_jetty-servlet-10.0.25.jar.:10.0.25]
	at org.moqui.impl.webapp.ElasticRequestLogFilter.doFilter(ElasticRequestLogFilter.groovy:97) ~[moqui_temp17808485675440523789WEB-INF_lib_moqui-framework-3.1.0-rc2.jar.:3.1.0-rc2]
	at org.eclipse.jetty.servlet.FilterHolder.doFilter(FilterHolder.java:202) ~[moqui_temp15490136333987685175execlib_jetty-servlet-10.0.25.jar.:10.0.25]
	at org.eclipse.jetty.servlet.ServletHandler$Chain.doFilter(ServletHandler.java:1635) ~[moqui_temp15490136333987685175execlib_jetty-servlet-10.0.25.jar.:10.0.25]
	at org.eclipse.jetty.servlet.ServletHandler.doHandle(ServletHandler.java:527) ~[moqui_temp15490136333987685175execlib_jetty-servlet-10.0.25.jar.:10.0.25]
	at org.eclipse.jetty.server.handler.ScopedHandler.handle(ScopedHandler.java:131) ~[moqui_temp9672163266318291982execlib_jetty-server-10.0.25.jar.:10.0.25]
	at org.eclipse.jetty.security.SecurityHandler.handle(SecurityHandler.java:598) ~[moqui_temp5247832544391334315execlib_jetty-security-10.0.25.jar.:10.0.25]
	at org.eclipse.jetty.server.handler.HandlerWrapper.handle(HandlerWrapper.java:122) ~[moqui_temp9672163266318291982execlib_jetty-server-10.0.25.jar.:10.0.25]
	at org.eclipse.jetty.server.handler.ScopedHandler.nextHandle(ScopedHandler.java:223) ~[moqui_temp9672163266318291982execlib_jetty-server-10.0.25.jar.:10.0.25]
	at org.eclipse.jetty.server.session.SessionHandler.doHandle(SessionHandler.java:1580) ~[moqui_temp9672163266318291982execlib_jetty-server-10.0.25.jar.:10.0.25]
	at org.eclipse.jetty.server.handler.ScopedHandler.nextHandle(ScopedHandler.java:221) ~[moqui_temp9672163266318291982execlib_jetty-server-10.0.25.jar.:10.0.25]
	at org.eclipse.jetty.server.handler.ContextHandler.doHandle(ContextHandler.java:1384) ~[moqui_temp9672163266318291982execlib_jetty-server-10.0.25.jar.:10.0.25]
	at org.eclipse.jetty.server.handler.ScopedHandler.nextScope(ScopedHandler.java:176) ~[moqui_temp9672163266318291982execlib_jetty-server-10.0.25.jar.:10.0.25]
	at org.eclipse.jetty.servlet.ServletHandler.doScope(ServletHandler.java:484) ~[moqui_temp15490136333987685175execlib_jetty-servlet-10.0.25.jar.:10.0.25]
	at org.eclipse.jetty.server.session.SessionHandler.doScope(SessionHandler.java:1553) ~[moqui_temp9672163266318291982execlib_jetty-server-10.0.25.jar.:10.0.25]
	at org.eclipse.jetty.server.handler.ScopedHandler.nextScope(ScopedHandler.java:174) ~[moqui_temp9672163266318291982execlib_jetty-server-10.0.25.jar.:10.0.25]
	at org.eclipse.jetty.server.handler.ContextHandler.doScope(ContextHandler.java:1306) ~[moqui_temp9672163266318291982execlib_jetty-server-10.0.25.jar.:10.0.25]
	at org.eclipse.jetty.server.handler.ScopedHandler.handle(ScopedHandler.java:129) ~[moqui_temp9672163266318291982execlib_jetty-server-10.0.25.jar.:10.0.25]
	at org.eclipse.jetty.server.handler.HandlerWrapper.handle(HandlerWrapper.java:122) ~[moqui_temp9672163266318291982execlib_jetty-server-10.0.25.jar.:10.0.25]
	at org.eclipse.jetty.server.handler.gzip.GzipHandler.handle(GzipHandler.java:822) ~[moqui_temp9672163266318291982execlib_jetty-server-10.0.25.jar.:10.0.25]
	at org.eclipse.jetty.server.handler.HandlerWrapper.handle(HandlerWrapper.java:122) ~[moqui_temp9672163266318291982execlib_jetty-server-10.0.25.jar.:10.0.25]
	at org.eclipse.jetty.server.Server.handle(Server.java:563) ~[moqui_temp9672163266318291982execlib_jetty-server-10.0.25.jar.:10.0.25]
	at org.eclipse.jetty.server.HttpChannel$RequestDispatchable.dispatch(HttpChannel.java:1598) ~[moqui_temp9672163266318291982execlib_jetty-server-10.0.25.jar.:10.0.25]
	at org.eclipse.jetty.server.HttpChannel.dispatch(HttpChannel.java:753) ~[moqui_temp9672163266318291982execlib_jetty-server-10.0.25.jar.:10.0.25]
	at org.eclipse.jetty.server.HttpChannel.handle(HttpChannel.java:501) ~[moqui_temp9672163266318291982execlib_jetty-server-10.0.25.jar.:10.0.25]
	at org.eclipse.jetty.server.HttpConnection.onFillable(HttpConnection.java:287) ~[moqui_temp9672163266318291982execlib_jetty-server-10.0.25.jar.:10.0.25]
	at org.eclipse.jetty.io.AbstractConnection$ReadCallback.succeeded(AbstractConnection.java:314) ~[moqui_temp11460062420472617833WEB-INF_lib_jetty-io-10.0.25.jar.:10.0.25]
	at org.eclipse.jetty.io.FillInterest.fillable(FillInterest.java:100) ~[moqui_temp11460062420472617833WEB-INF_lib_jetty-io-10.0.25.jar.:10.0.25]
	at org.eclipse.jetty.io.SelectableChannelEndPoint$1.run(SelectableChannelEndPoint.java:53) ~[moqui_temp11460062420472617833WEB-INF_lib_jetty-io-10.0.25.jar.:10.0.25]
	at org.eclipse.jetty.util.thread.QueuedThreadPool.runJob(QueuedThreadPool.java:969) ~[moqui_temp15934794333089538363WEB-INF_lib_jetty-util-10.0.25.jar.:10.0.25]
	at org.eclipse.jetty.util.thread.QueuedThreadPool$Runner.doRunJob(QueuedThreadPool.java:1194) ~[moqui_temp15934794333089538363WEB-INF_lib_jetty-util-10.0.25.jar.:10.0.25]
	at org.eclipse.jetty.util.thread.QueuedThreadPool$Runner.run(QueuedThreadPool.java:1149) ~[moqui_temp15934794333089538363WEB-INF_lib_jetty-util-10.0.25.jar.:10.0.25]
	... 1 more
