00:00:50.791 WARN  ext.LoggerFacadeImpl Not saving or sending email for ScheduledScreen PopcAccRecAging: noResultsAbort Y _formListRendered true _formListResultCount 0
00:30:50.215 WARN  ext.LoggerFacadeImpl Not saving or sending email for ScheduledScreen PopcAccRecAging: noResultsAbort Y _formListRendered true _formListResultCount 0
01:00:50.461 WARN  ext.LoggerFacadeImpl Not saving or sending email for ScheduledScreen PopcAccRecAging: noResultsAbort Y _formListRendered true _formListResultCount 0
01:30:50.155 WARN  ext.LoggerFacadeImpl Not saving or sending email for ScheduledScreen PopcAccRecAging: noResultsAbort Y _formListRendered true _formListResultCount 0
02:00:50.845 WARN  ext.LoggerFacadeImpl Not saving or sending email for ScheduledScreen PopcAccRecAging: noResultsAbort Y _formListRendered true _formListResultCount 0
02:30:50.174 WARN  ext.LoggerFacadeImpl Not saving or sending email for ScheduledScreen PopcAccRecAging: noResultsAbort Y _formListRendered true _formListResultCount 0
03:00:50.217 WARN  ext.LoggerFacadeImpl Not saving or sending email for ScheduledScreen PopcAccRecAging: noResultsAbort Y _formListRendered true _formListResultCount 0
03:30:50.184 WARN  ext.LoggerFacadeImpl Not saving or sending email for ScheduledScreen PopcAccRecAging: noResultsAbort Y _formListRendered true _formListResultCount 0
04:00:50.510 WARN  ext.LoggerFacadeImpl Not saving or sending email for ScheduledScreen PopcAccRecAging: noResultsAbort Y _formListRendered true _formListResultCount 0
04:30:50.252 WARN  ext.LoggerFacadeImpl Not saving or sending email for ScheduledScreen PopcAccRecAging: noResultsAbort Y _formListRendered true _formListResultCount 0
05:00:50.559 WARN  ext.LoggerFacadeImpl Not saving or sending email for ScheduledScreen PopcAccRecAging: noResultsAbort Y _formListRendered true _formListResultCount 0
05:30:50.372 WARN  ext.LoggerFacadeImpl Not saving or sending email for ScheduledScreen PopcAccRecAging: noResultsAbort Y _formListRendered true _formListResultCount 0
06:00:50.467 WARN  ext.LoggerFacadeImpl Not saving or sending email for ScheduledScreen PopcAccRecAging: noResultsAbort Y _formListRendered true _formListResultCount 0
06:30:50.751 WARN  ext.LoggerFacadeImpl Not saving or sending email for ScheduledScreen PopcAccRecAging: noResultsAbort Y _formListRendered true _formListResultCount 0
07:00:50.803 WARN  ext.LoggerFacadeImpl Not saving or sending email for ScheduledScreen PopcAccRecAging: noResultsAbort Y _formListRendered true _formListResultCount 0
07:30:50.527 WARN  ext.LoggerFacadeImpl Not saving or sending email for ScheduledScreen PopcAccRecAging: noResultsAbort Y _formListRendered true _formListResultCount 0
08:00:50.583 WARN  ext.LoggerFacadeImpl Not saving or sending email for ScheduledScreen PopcAccRecAging: noResultsAbort Y _formListRendered true _formListResultCount 0
08:30:50.528 WARN  ext.LoggerFacadeImpl Not saving or sending email for ScheduledScreen PopcAccRecAging: noResultsAbort Y _formListRendered true _formListResultCount 0
08:31:47.331 WARN  ontext.WebFacadeImpl REST Unauthorized (401 no authc): User must be logged in to call service org.moqui.jwt.JwtAuthServices.refresh#AuthToken
09:00:50.676 WARN  ext.LoggerFacadeImpl Not saving or sending email for ScheduledScreen PopcAccRecAging: noResultsAbort Y _formListRendered true _formListResultCount 0
09:30:50.604 WARN  ext.LoggerFacadeImpl Not saving or sending email for ScheduledScreen PopcAccRecAging: noResultsAbort Y _formListRendered true _formListResultCount 0
10:00:51.190 WARN  ext.LoggerFacadeImpl Not saving or sending email for ScheduledScreen PopcAccRecAging: noResultsAbort Y _formListRendered true _formListResultCount 0
10:30:50.778 WARN  ext.LoggerFacadeImpl Not saving or sending email for ScheduledScreen PopcAccRecAging: noResultsAbort Y _formListRendered true _formListResultCount 0
11:00:50.777 WARN  ext.LoggerFacadeImpl Not saving or sending email for ScheduledScreen PopcAccRecAging: noResultsAbort Y _formListRendered true _formListResultCount 0
11:30:50.763 WARN  ext.LoggerFacadeImpl Not saving or sending email for ScheduledScreen PopcAccRecAging: noResultsAbort Y _formListRendered true _formListResultCount 0
12:00:50.798 WARN  ext.LoggerFacadeImpl Not saving or sending email for ScheduledScreen PopcAccRecAging: noResultsAbort Y _formListRendered true _formListResultCount 0
12:30:50.783 WARN  ext.LoggerFacadeImpl Not saving or sending email for ScheduledScreen PopcAccRecAging: noResultsAbort Y _formListRendered true _formListResultCount 0
13:00:51.083 WARN  ext.LoggerFacadeImpl Not saving or sending email for ScheduledScreen PopcAccRecAging: noResultsAbort Y _formListRendered true _formListResultCount 0
13:30:51.021 WARN  ext.LoggerFacadeImpl Not saving or sending email for ScheduledScreen PopcAccRecAging: noResultsAbort Y _formListRendered true _formListResultCount 0
14:00:51.385 WARN  ext.LoggerFacadeImpl Not saving or sending email for ScheduledScreen PopcAccRecAging: noResultsAbort Y _formListRendered true _formListResultCount 0
14:30:51.134 WARN  ext.LoggerFacadeImpl Not saving or sending email for ScheduledScreen PopcAccRecAging: noResultsAbort Y _formListRendered true _formListResultCount 0
15:00:51.459 WARN  ext.LoggerFacadeImpl Not saving or sending email for ScheduledScreen PopcAccRecAging: noResultsAbort Y _formListRendered true _formListResultCount 0
15:30:51.246 WARN  ext.LoggerFacadeImpl Not saving or sending email for ScheduledScreen PopcAccRecAging: noResultsAbort Y _formListRendered true _formListResultCount 0
16:00:51.338 WARN  ext.LoggerFacadeImpl Not saving or sending email for ScheduledScreen PopcAccRecAging: noResultsAbort Y _formListRendered true _formListResultCount 0
16:30:51.275 WARN  ext.LoggerFacadeImpl Not saving or sending email for ScheduledScreen PopcAccRecAging: noResultsAbort Y _formListRendered true _formListResultCount 0
17:00:51.343 WARN  ext.LoggerFacadeImpl Not saving or sending email for ScheduledScreen PopcAccRecAging: noResultsAbort Y _formListRendered true _formListResultCount 0
17:30:51.301 WARN  ext.LoggerFacadeImpl Not saving or sending email for ScheduledScreen PopcAccRecAging: noResultsAbort Y _formListRendered true _formListResultCount 0
18:00:51.431 WARN  ext.LoggerFacadeImpl Not saving or sending email for ScheduledScreen PopcAccRecAging: noResultsAbort Y _formListRendered true _formListResultCount 0
18:30:51.639 WARN  ext.LoggerFacadeImpl Not saving or sending email for ScheduledScreen PopcAccRecAging: noResultsAbort Y _formListRendered true _formListResultCount 0
19:00:51.775 WARN  ext.LoggerFacadeImpl Not saving or sending email for ScheduledScreen PopcAccRecAging: noResultsAbort Y _formListRendered true _formListResultCount 0
19:30:51.492 WARN  ext.LoggerFacadeImpl Not saving or sending email for ScheduledScreen PopcAccRecAging: noResultsAbort Y _formListRendered true _formListResultCount 0
20:00:51.574 WARN  ext.LoggerFacadeImpl Not saving or sending email for ScheduledScreen PopcAccRecAging: noResultsAbort Y _formListRendered true _formListResultCount 0
20:30:51.603 WARN  ext.LoggerFacadeImpl Not saving or sending email for ScheduledScreen PopcAccRecAging: noResultsAbort Y _formListRendered true _formListResultCount 0
21:00:52.573 WARN  ext.LoggerFacadeImpl Not saving or sending email for ScheduledScreen PopcAccRecAging: noResultsAbort Y _formListRendered true _formListResultCount 0
21:01:28.771 WARN  util.MoquiShiroRealm Web login with IPv6 client IP 0:0:0:0:0:0:0:1 for userId EX_JOHN_DOE, not checking ipAllowed
21:30:52.387 WARN  ext.LoggerFacadeImpl Not saving or sending email for ScheduledScreen PopcAccRecAging: noResultsAbort Y _formListRendered true _formListResultCount 0
21:57:17.061 WARN  util.MoquiShiroRealm Web login with IPv6 client IP 0:0:0:0:0:0:0:1 for userId EX_JOHN_DOE, not checking ipAllowed
21:57:54.422 WARN  util.MoquiShiroRealm Web login with IPv6 client IP 0:0:0:0:0:0:0:1 for userId EX_JOHN_DOE, not checking ipAllowed
21:57:54.448 WARN  util.MoquiShiroRealm Web login with IPv6 client IP 0:0:0:0:0:0:0:1 for userId EX_JOHN_DOE, not checking ipAllowed
21:57:54.477 WARN  ui.util.WebUtilities Tried getAttributeNames() on invalidated session node02xgfep4petjnln61dfs6icyd20: java.lang.IllegalStateException: Invalid for read: id=node02xgfep4petjnln61dfs6icyd20 created=1762178274410 accessed=1762178274410 lastaccessed=1762178274410 maxInactiveMs=3600000 expiry=1762181874410
21:57:54.478 WARN  ui.util.WebUtilities Tried getAttributeNames() on invalidated session node02xgfep4petjnln61dfs6icyd20: java.lang.IllegalStateException: Invalid for read: id=node02xgfep4petjnln61dfs6icyd20 created=1762178274410 accessed=1762178274410 lastaccessed=1762178274410 maxInactiveMs=3600000 expiry=1762181874410
21:58:32.335 WARN  ontext.WebFacadeImpl REST Resource Not Found (404): Resource MarketplaceServices not valid, index 0 in path [marketplace, MarketplaceServices, detect, ProjectType]; resources available are [listing, match, order, profile, tag, image, stats]
21:58:44.461 WARN  ontext.WebFacadeImpl REST Resource Not Found (404): Resource detect not valid, index 0 in path [marketplace, detect, ProjectType]; resources available are [listing, match, order, profile, tag, image, stats]
22:00:52.234 WARN  ext.LoggerFacadeImpl Not saving or sending email for ScheduledScreen PopcAccRecAging: noResultsAbort Y _formListRendered true _formListResultCount 0
